TN:
SF:src/init-workflow4.js
FN:23,initWorkflow4
FN:68,setupEventListeners
FN:70,(anonymous_2)
FN:75,(anonymous_3)
FN:80,(anonymous_4)
FN:86,(anonymous_5)
FN:91,(anonymous_6)
FN:97,(anonymous_7)
FN:101,(anonymous_8)
FN:110,loadStyles
FN:113,(anonymous_10)
FN:117,(anonymous_11)
FN:119,(anonymous_12)
FN:141,showToast
FN:155,(anonymous_14)
FN:164,(anonymous_15)
FN:170,(anonymous_16)
FN:179,(anonymous_17)
FNF:18
FNH:0
FNDA:0,initWorkflow4
FNDA:0,setupEventListeners
FNDA:0,(anonymous_2)
FNDA:0,(anonymous_3)
FNDA:0,(anonymous_4)
FNDA:0,(anonymous_5)
FNDA:0,(anonymous_6)
FNDA:0,(anonymous_7)
FNDA:0,(anonymous_8)
FNDA:0,loadStyles
FNDA:0,(anonymous_10)
FNDA:0,(anonymous_11)
FNDA:0,(anonymous_12)
FNDA:0,showToast
FNDA:0,(anonymous_14)
FNDA:0,(anonymous_15)
FNDA:0,(anonymous_16)
FNDA:0,(anonymous_17)
DA:24,0
DA:27,0
DA:28,0
DA:29,0
DA:33,0
DA:34,0
DA:35,0
DA:39,0
DA:40,0
DA:41,0
DA:45,0
DA:46,0
DA:47,0
DA:51,0
DA:52,0
DA:53,0
DA:57,0
DA:60,0
DA:62,0
DA:70,0
DA:71,0
DA:72,0
DA:75,0
DA:76,0
DA:77,0
DA:80,0
DA:81,0
DA:82,0
DA:86,0
DA:87,0
DA:88,0
DA:91,0
DA:92,0
DA:93,0
DA:97,0
DA:98,0
DA:101,0
DA:102,0
DA:103,0
DA:112,0
DA:113,0
DA:115,0
DA:117,0
DA:119,0
DA:120,0
DA:126,0
DA:127,0
DA:128,0
DA:129,0
DA:130,0
DA:131,0
DA:133,0
DA:143,0
DA:144,0
DA:146,0
DA:155,0
DA:156,0
DA:157,0
DA:159,0
DA:164,0
DA:165,0
DA:170,0
DA:171,0
DA:172,0
DA:174,0
DA:179,0
DA:180,0
DA:181,0
DA:182,0
DA:184,0
DA:189,0
DA:190,0
DA:192,0
LF:73
LH:0
BRDA:27,0,0,0
BRDA:27,0,1,0
BRDA:33,1,0,0
BRDA:33,1,1,0
BRDA:39,2,0,0
BRDA:39,2,1,0
BRDA:45,3,0,0
BRDA:45,3,1,0
BRDA:51,4,0,0
BRDA:51,4,1,0
BRDA:120,5,0,0
BRDA:120,5,1,0
BRDA:120,5,2,0
BRDA:120,5,3,0
BRDA:126,6,0,0
BRDA:126,6,1,0
BRDA:141,7,0,0
BRDA:143,8,0,0
BRDA:143,8,1,0
BRDA:156,9,0,0
BRDA:156,9,1,0
BRDA:171,10,0,0
BRDA:171,10,1,0
BRDA:180,11,0,0
BRDA:180,11,1,0
BRDA:189,12,0,0
BRDA:189,12,1,0
BRF:27
BRH:0
end_of_record
TN:
SF:src/init.js
FN:34,initializeApp
FN:93,(anonymous_1)
FN:99,(anonymous_2)
FNF:3
FNH:0
FNDA:0,initializeApp
FNDA:0,(anonymous_1)
FNDA:0,(anonymous_2)
DA:35,0
DA:37,0
DA:39,0
DA:42,0
DA:45,0
DA:48,0
DA:51,0
DA:52,0
DA:55,0
DA:58,0
DA:59,0
DA:62,0
DA:65,0
DA:66,0
DA:67,0
DA:68,0
DA:71,0
DA:72,0
DA:73,0
DA:74,0
DA:75,0
DA:76,0
DA:77,0
DA:78,0
DA:81,0
DA:82,0
DA:83,0
DA:84,0
DA:87,0
DA:88,0
DA:89,0
DA:93,0
DA:94,0
DA:95,0
DA:99,0
DA:100,0
DA:101,0
DA:102,0
DA:103,0
DA:104,0
DA:106,0
DA:107,0
DA:108,0
DA:109,0
DA:110,0
DA:112,0
DA:113,0
DA:117,0
DA:119,0
DA:124,0
DA:125,0
DA:128,0
LF:52
LH:0
BRDA:81,0,0,0
BRDA:81,0,1,0
BRDA:87,1,0,0
BRDA:87,1,1,0
BRDA:106,2,0,0
BRDA:106,2,1,0
BRDA:124,3,0,0
BRDA:124,3,1,0
BRF:8
BRH:0
end_of_record
TN:
SF:src/ai/accessibilityChecker.js
FN:9,(anonymous_0)
FN:17,(anonymous_1)
FN:29,(anonymous_2)
FN:79,(anonymous_3)
FN:87,(anonymous_4)
FN:113,(anonymous_5)
FN:115,(anonymous_6)
FN:116,(anonymous_7)
FN:117,(anonymous_8)
FN:133,(anonymous_9)
FN:148,(anonymous_10)
FN:180,(anonymous_11)
FN:206,(anonymous_12)
FN:221,(anonymous_13)
FN:241,(anonymous_14)
FN:261,(anonymous_15)
FN:265,(anonymous_16)
FN:275,(anonymous_17)
FN:282,(anonymous_18)
FN:305,(anonymous_19)
FN:321,(anonymous_20)
FN:328,(anonymous_21)
FN:335,(anonymous_22)
FNF:23
FNH:0
FNDA:0,(anonymous_0)
FNDA:0,(anonymous_1)
FNDA:0,(anonymous_2)
FNDA:0,(anonymous_3)
FNDA:0,(anonymous_4)
FNDA:0,(anonymous_5)
FNDA:0,(anonymous_6)
FNDA:0,(anonymous_7)
FNDA:0,(anonymous_8)
FNDA:0,(anonymous_9)
FNDA:0,(anonymous_10)
FNDA:0,(anonymous_11)
FNDA:0,(anonymous_12)
FNDA:0,(anonymous_13)
FNDA:0,(anonymous_14)
FNDA:0,(anonymous_15)
FNDA:0,(anonymous_16)
FNDA:0,(anonymous_17)
FNDA:0,(anonymous_18)
FNDA:0,(anonymous_19)
FNDA:0,(anonymous_20)
FNDA:0,(anonymous_21)
FNDA:0,(anonymous_22)
DA:10,0
DA:11,0
DA:18,0
DA:19,0
DA:20,0
DA:23,0
DA:30,0
DA:31,0
DA:35,0
DA:38,0
DA:41,0
DA:44,0
DA:55,0
DA:62,0
DA:63,0
DA:67,0
DA:73,0
DA:80,0
DA:87,0
DA:89,0
DA:90,0
DA:94,0
DA:95,0
DA:97,0
DA:100,0
DA:101,0
DA:103,0
DA:107,0
DA:114,0
DA:115,0
DA:116,0
DA:117,0
DA:120,0
DA:122,0
DA:134,0
DA:135,0
DA:136,0
DA:137,0
DA:138,0
DA:139,0
DA:141,0
DA:149,0
DA:150,0
DA:153,0
DA:154,0
DA:157,0
DA:160,0
DA:170,0
DA:181,0
DA:182,0
DA:185,0
DA:186,0
DA:187,0
DA:190,0
DA:191,0
DA:194,0
DA:196,0
DA:207,0
DA:208,0
DA:211,0
DA:222,0
DA:223,0
DA:226,0
DA:228,0
DA:241,0
DA:255,0
DA:262,0
DA:265,0
DA:266,0
DA:267,0
DA:274,0
DA:275,0
DA:276,0
DA:277,0
DA:279,0
DA:282,0
DA:283,0
DA:284,0
DA:292,0
DA:293,0
DA:299,0
DA:306,0
DA:307,0
DA:308,0
DA:310,0
DA:311,0
DA:312,0
DA:313,0
DA:315,0
DA:322,0
DA:329,0
DA:336,0
DA:337,0
DA:342,0
DA:343,0
LF:95
LH:0
BRDA:19,0,0,0
BRDA:19,0,1,0
BRDA:30,1,0,0
BRDA:30,1,1,0
BRDA:62,2,0,0
BRDA:62,2,1,0
BRDA:89,3,0,0
BRDA:89,3,1,0
BRDA:94,4,0,0
BRDA:94,4,1,0
BRDA:100,5,0,0
BRDA:100,5,1,0
BRDA:120,6,0,0
BRDA:120,6,1,0
BRDA:120,7,0,0
BRDA:120,7,1,0
BRDA:120,8,0,0
BRDA:120,8,1,0
BRDA:134,9,0,0
BRDA:134,9,1,0
BRDA:136,10,0,0
BRDA:136,10,1,0
BRDA:138,11,0,0
BRDA:138,11,1,0
BRDA:149,12,0,0
BRDA:149,12,1,0
BRDA:181,13,0,0
BRDA:181,13,1,0
BRDA:186,14,0,0
BRDA:186,14,1,0
BRDA:207,15,0,0
BRDA:207,15,1,0
BRDA:222,16,0,0
BRDA:222,16,1,0
BRDA:266,17,0,0
BRDA:266,17,1,0
BRDA:276,18,0,0
BRDA:276,18,1,0
BRDA:283,19,0,0
BRDA:283,19,1,0
BRDA:292,20,0,0
BRDA:292,20,1,0
BRF:42
BRH:0
end_of_record
TN:
SF:src/ai/accessibilityFixes.js
FN:9,(anonymous_0)
FN:16,(anonymous_1)
FN:18,(anonymous_2)
FN:22,(anonymous_3)
FN:35,(anonymous_4)
FN:41,(anonymous_5)
FN:60,(anonymous_6)
FN:65,(anonymous_7)
FN:75,(anonymous_8)
FN:90,(anonymous_9)
FN:95,(anonymous_10)
FN:115,(anonymous_11)
FN:121,(anonymous_12)
FN:134,(anonymous_13)
FN:146,(anonymous_14)
FN:164,(anonymous_15)
FN:175,(anonymous_16)
FN:179,(anonymous_17)
FN:187,(anonymous_18)
FN:190,(anonymous_19)
FN:203,(anonymous_20)
FN:207,(anonymous_21)
FN:213,(anonymous_22)
FN:232,(anonymous_23)
FN:236,(anonymous_24)
FN:253,(anonymous_25)
FN:267,(anonymous_26)
FN:271,(anonymous_27)
FN:282,(anonymous_28)
FN:301,(anonymous_29)
FN:318,(anonymous_30)
FN:322,(anonymous_31)
FN:343,(anonymous_32)
FN:370,(anonymous_33)
FN:374,(anonymous_34)
FN:395,(anonymous_35)
FN:402,(anonymous_36)
FNF:37
FNH:0
FNDA:0,(anonymous_0)
FNDA:0,(anonymous_1)
FNDA:0,(anonymous_2)
FNDA:0,(anonymous_3)
FNDA:0,(anonymous_4)
FNDA:0,(anonymous_5)
FNDA:0,(anonymous_6)
FNDA:0,(anonymous_7)
FNDA:0,(anonymous_8)
FNDA:0,(anonymous_9)
FNDA:0,(anonymous_10)
FNDA:0,(anonymous_11)
FNDA:0,(anonymous_12)
FNDA:0,(anonymous_13)
FNDA:0,(anonymous_14)
FNDA:0,(anonymous_15)
FNDA:0,(anonymous_16)
FNDA:0,(anonymous_17)
FNDA:0,(anonymous_18)
FNDA:0,(anonymous_19)
FNDA:0,(anonymous_20)
FNDA:0,(anonymous_21)
FNDA:0,(anonymous_22)
FNDA:0,(anonymous_23)
FNDA:0,(anonymous_24)
FNDA:0,(anonymous_25)
FNDA:0,(anonymous_26)
FNDA:0,(anonymous_27)
FNDA:0,(anonymous_28)
FNDA:0,(anonymous_29)
FNDA:0,(anonymous_30)
FNDA:0,(anonymous_31)
FNDA:0,(anonymous_32)
FNDA:0,(anonymous_33)
FNDA:0,(anonymous_34)
FNDA:0,(anonymous_35)
FNDA:0,(anonymous_36)
DA:10,0
DA:17,0
DA:19,0
DA:20,0
DA:22,0
DA:24,0
DA:25,0
DA:26,0
DA:28,0
DA:29,0
DA:32,0
DA:36,0
DA:39,0
DA:41,0
DA:43,0
DA:44,0
DA:48,0
DA:49,0
DA:50,0
DA:52,0
DA:53,0
DA:54,0
DA:57,0
DA:61,0
DA:62,0
DA:63,0
DA:65,0
DA:66,0
DA:68,0
DA:70,0
DA:71,0
DA:72,0
DA:75,0
DA:76,0
DA:79,0
DA:80,0
DA:81,0
DA:83,0
DA:87,0
DA:91,0
DA:92,0
DA:93,0
DA:95,0
DA:96,0
DA:98,0
DA:100,0
DA:101,0
DA:102,0
DA:103,0
DA:104,0
DA:106,0
DA:107,0
DA:108,0
DA:112,0
DA:116,0
DA:119,0
DA:121,0
DA:122,0
DA:124,0
DA:125,0
DA:126,0
DA:127,0
DA:131,0
DA:135,0
DA:136,0
DA:138,0
DA:139,0
DA:140,0
DA:143,0
DA:147,0
DA:148,0
DA:149,0
DA:164,0
DA:165,0
DA:166,0
DA:167,0
DA:168,0
DA:172,0
DA:176,0
DA:177,0
DA:179,0
DA:180,0
DA:182,0
DA:184,0
DA:185,0
DA:186,0
DA:187,0
DA:188,0
DA:189,0
DA:190,0
DA:191,0
DA:193,0
DA:195,0
DA:200,0
DA:204,0
DA:205,0
DA:207,0
DA:208,0
DA:209,0
DA:210,0
DA:213,0
DA:214,0
DA:215,0
DA:220,0
DA:221,0
DA:222,0
DA:225,0
DA:226,0
DA:229,0
DA:233,0
DA:234,0
DA:236,0
DA:237,0
DA:239,0
DA:240,0
DA:241,0
DA:242,0
DA:243,0
DA:244,0
DA:245,0
DA:246,0
DA:250,0
DA:254,0
DA:257,0
DA:259,0
DA:260,0
DA:261,0
DA:262,0
DA:263,0
DA:264,0
DA:267,0
DA:268,0
DA:269,0
DA:271,0
DA:272,0
DA:275,0
DA:276,0
DA:279,0
DA:283,0
DA:284,0
DA:286,0
DA:288,0
DA:292,0
DA:293,0
DA:294,0
DA:298,0
DA:302,0
DA:303,0
DA:305,0
DA:306,0
DA:307,0
DA:308,0
DA:309,0
DA:310,0
DA:311,0
DA:312,0
DA:315,0
DA:319,0
DA:320,0
DA:322,0
DA:323,0
DA:324,0
DA:326,0
DA:327,0
DA:331,0
DA:335,0
DA:344,0
DA:346,0
DA:347,0
DA:353,0
DA:354,0
DA:355,0
DA:360,0
DA:371,0
DA:372,0
DA:374,0
DA:375,0
DA:376,0
DA:377,0
DA:381,0
DA:385,0
DA:396,0
DA:403,0
DA:408,0
DA:409,0
LF:185
LH:0
BRDA:24,0,0,0
BRDA:24,0,1,0
BRDA:26,1,0,0
BRDA:26,1,1,0
BRDA:43,2,0,0
BRDA:43,2,1,0
BRDA:43,3,0,0
BRDA:43,3,1,0
BRDA:48,4,0,0
BRDA:48,4,1,0
BRDA:49,5,0,0
BRDA:49,5,1,0
BRDA:50,6,0,0
BRDA:50,6,1,0
BRDA:52,7,0,0
BRDA:52,7,1,0
BRDA:52,7,2,0
BRDA:68,8,0,0
BRDA:68,8,1,0
BRDA:98,9,0,0
BRDA:98,9,1,0
BRDA:100,10,0,0
BRDA:100,10,1,0
BRDA:101,11,0,0
BRDA:101,11,1,0
BRDA:104,12,0,0
BRDA:104,12,1,0
BRDA:106,13,0,0
BRDA:106,13,1,0
BRDA:122,14,0,0
BRDA:122,14,1,0
BRDA:125,15,0,0
BRDA:125,15,1,0
BRDA:135,16,0,0
BRDA:135,16,1,0
BRDA:138,17,0,0
BRDA:138,17,1,0
BRDA:143,18,0,0
BRDA:143,18,1,0
BRDA:166,19,0,0
BRDA:166,19,1,0
BRDA:182,20,0,0
BRDA:182,20,1,0
BRDA:185,21,0,0
BRDA:185,21,1,0
BRDA:214,22,0,0
BRDA:214,22,1,0
BRDA:221,23,0,0
BRDA:221,23,1,0
BRDA:239,24,0,0
BRDA:239,24,1,0
BRDA:259,25,0,0
BRDA:259,25,1,0
BRDA:279,26,0,0
BRDA:279,26,1,0
BRDA:286,27,0,0
BRDA:286,27,1,0
BRDA:292,28,0,0
BRDA:292,28,1,0
BRDA:298,29,0,0
BRDA:298,29,1,0
BRDA:305,30,0,0
BRDA:305,30,1,0
BRDA:310,31,0,0
BRDA:310,31,1,0
BRDA:315,32,0,0
BRDA:315,32,1,0
BRDA:323,33,0,0
BRDA:323,33,1,0
BRDA:324,34,0,0
BRDA:324,34,1,0
BRDA:324,35,0,0
BRDA:324,35,1,0
BRDA:326,36,0,0
BRDA:326,36,1,0
BRDA:346,37,0,0
BRDA:346,37,1,0
BRDA:376,38,0,0
BRDA:376,38,1,0
BRDA:376,39,0,0
BRDA:376,39,1,0
BRF:81
BRH:0
end_of_record
TN:
SF:src/ai/componentGenerator.js
FN:9,(anonymous_0)
FN:23,(anonymous_1)
FN:31,(anonymous_2)
FN:44,(anonymous_3)
FN:51,(anonymous_4)
FN:140,(anonymous_5)
FN:183,(anonymous_6)
FN:226,(anonymous_7)
FN:234,(anonymous_8)
FN:305,(anonymous_9)
FN:306,(anonymous_10)
FN:312,(anonymous_11)
FNF:12
FNH:0
FNDA:0,(anonymous_0)
FNDA:0,(anonymous_1)
FNDA:0,(anonymous_2)
FNDA:0,(anonymous_3)
FNDA:0,(anonymous_4)
FNDA:0,(anonymous_5)
FNDA:0,(anonymous_6)
FNDA:0,(anonymous_7)
FNDA:0,(anonymous_8)
FNDA:0,(anonymous_9)
FNDA:0,(anonymous_10)
FNDA:0,(anonymous_11)
DA:10,0
DA:11,0
DA:13,0
DA:14,0
DA:15,0
DA:17,0
DA:24,0
DA:25,0
DA:32,0
DA:33,0
DA:36,0
DA:37,0
DA:38,0
DA:45,0
DA:52,0
DA:53,0
DA:62,0
DA:65,0
DA:66,0
DA:67,0
DA:71,0
DA:79,0
DA:80,0
DA:81,0
DA:87,0
DA:93,0
DA:95,0
DA:101,0
DA:103,0
DA:104,0
DA:108,0
DA:115,0
DA:121,0
DA:128,0
DA:133,0
DA:141,0
DA:142,0
DA:145,0
DA:146,0
DA:147,0
DA:150,0
DA:152,0
DA:153,0
DA:158,0
DA:160,0
DA:161,0
DA:164,0
DA:170,0
DA:176,0
DA:184,0
DA:185,0
DA:188,0
DA:189,0
DA:190,0
DA:193,0
DA:195,0
DA:196,0
DA:201,0
DA:203,0
DA:204,0
DA:207,0
DA:213,0
DA:219,0
DA:227,0
DA:228,0
DA:235,0
DA:237,0
DA:274,0
DA:275,0
DA:283,0
DA:284,0
DA:285,0
DA:288,0
DA:289,0
DA:292,0
DA:293,0
DA:294,0
DA:295,0
DA:298,0
DA:306,0
DA:313,0
DA:318,0
DA:319,0
LF:83
LH:0
BRDA:32,0,0,0
BRDA:32,0,1,0
BRDA:32,1,0,0
BRDA:32,1,1,0
BRDA:45,2,0,0
BRDA:45,2,1,0
BRDA:51,3,0,0
BRDA:52,4,0,0
BRDA:52,4,1,0
BRDA:57,5,0,0
BRDA:58,6,0,0
BRDA:59,7,0,0
BRDA:60,8,0,0
BRDA:61,9,0,0
BRDA:66,10,0,0
BRDA:66,10,1,0
BRDA:80,11,0,0
BRDA:80,11,1,0
BRDA:103,12,0,0
BRDA:103,12,1,0
BRDA:104,13,0,0
BRDA:104,13,1,0
BRDA:141,14,0,0
BRDA:141,14,1,0
BRDA:146,15,0,0
BRDA:146,15,1,0
BRDA:160,16,0,0
BRDA:160,16,1,0
BRDA:161,17,0,0
BRDA:161,17,1,0
BRDA:183,18,0,0
BRDA:184,19,0,0
BRDA:184,19,1,0
BRDA:189,20,0,0
BRDA:189,20,1,0
BRDA:203,21,0,0
BRDA:203,21,1,0
BRDA:204,22,0,0
BRDA:204,22,1,0
BRDA:226,23,0,0
BRDA:234,24,0,0
BRDA:234,25,0,0
BRDA:235,26,0,0
BRDA:235,27,0,0
BRDA:235,28,0,0
BRDA:235,29,0,0
BRDA:283,30,0,0
BRDA:283,30,1,0
BRDA:285,31,0,0
BRDA:285,31,1,0
BRDA:292,32,0,0
BRDA:292,32,1,0
BRDA:292,33,0,0
BRDA:292,33,1,0
BRF:54
BRH:0
end_of_record
TN:
SF:src/ai/index.js
FN:27,initializeAIFeatures
FN:58,setupEventListeners
FN:60,(anonymous_2)
FN:64,(anonymous_3)
FN:68,(anonymous_4)
FN:73,(anonymous_5)
FN:77,(anonymous_6)
FN:82,(anonymous_7)
FN:87,(anonymous_8)
FN:95,(anonymous_9)
FN:106,(anonymous_10)
FN:117,(anonymous_11)
FN:128,(anonymous_12)
FN:139,(anonymous_13)
FN:188,(anonymous_14)
FN:194,(anonymous_15)
FN:216,(anonymous_16)
FNF:17
FNH:0
FNDA:0,initializeAIFeatures
FNDA:0,setupEventListeners
FNDA:0,(anonymous_2)
FNDA:0,(anonymous_3)
FNDA:0,(anonymous_4)
FNDA:0,(anonymous_5)
FNDA:0,(anonymous_6)
FNDA:0,(anonymous_7)
FNDA:0,(anonymous_8)
FNDA:0,(anonymous_9)
FNDA:0,(anonymous_10)
FNDA:0,(anonymous_11)
FNDA:0,(anonymous_12)
FNDA:0,(anonymous_13)
FNDA:0,(anonymous_14)
FNDA:0,(anonymous_15)
FNDA:0,(anonymous_16)
DA:28,0
DA:31,0
DA:32,0
DA:33,0
DA:35,0
DA:39,0
DA:40,0
DA:41,0
DA:42,0
DA:45,0
DA:46,0
DA:47,0
DA:50,0
DA:52,0
DA:60,0
DA:61,0
DA:64,0
DA:65,0
DA:68,0
DA:69,0
DA:73,0
DA:74,0
DA:77,0
DA:78,0
DA:82,0
DA:83,0
DA:87,0
DA:88,0
DA:95,0
DA:96,0
DA:97,0
DA:98,0
DA:100,0
DA:106,0
DA:107,0
DA:108,0
DA:109,0
DA:111,0
DA:117,0
DA:118,0
DA:119,0
DA:120,0
DA:122,0
DA:128,0
DA:129,0
DA:130,0
DA:131,0
DA:133,0
DA:139,0
DA:140,0
DA:141,0
DA:142,0
DA:188,0
DA:190,0
DA:191,0
DA:192,0
DA:194,0
DA:195,0
DA:196,0
DA:198,0
DA:199,0
DA:202,0
DA:203,0
DA:205,0
DA:206,0
DA:208,0
DA:210,0
DA:214,0
DA:215,0
DA:216,0
DA:217,0
DA:218,0
DA:219,0
DA:220,0
DA:222,0
DA:223,0
DA:225,0
DA:230,0
DA:234,0
DA:235,0
DA:237,0
LF:81
LH:0
BRDA:32,0,0,0
BRDA:32,0,1,0
BRDA:39,1,0,0
BRDA:39,1,1,0
BRDA:40,2,0,0
BRDA:40,2,1,0
BRDA:41,3,0,0
BRDA:41,3,1,0
BRDA:42,4,0,0
BRDA:42,4,1,0
BRDA:45,5,0,0
BRDA:45,5,1,0
BRDA:46,6,0,0
BRDA:46,6,1,0
BRDA:47,7,0,0
BRDA:47,7,1,0
BRDA:96,8,0,0
BRDA:96,8,1,0
BRDA:107,9,0,0
BRDA:107,9,1,0
BRDA:118,10,0,0
BRDA:118,10,1,0
BRDA:129,11,0,0
BRDA:129,11,1,0
BRDA:164,12,0,0
BRDA:164,12,1,0
BRDA:170,13,0,0
BRDA:170,13,1,0
BRDA:179,14,0,0
BRDA:179,14,1,0
BRDA:198,15,0,0
BRDA:198,15,1,0
BRDA:205,16,0,0
BRDA:205,16,1,0
BRDA:215,17,0,0
BRDA:215,17,1,0
BRDA:217,18,0,0
BRDA:217,18,1,0
BRDA:222,19,0,0
BRDA:222,19,1,0
BRDA:234,20,0,0
BRDA:234,20,1,0
BRF:42
BRH:0
end_of_record
TN:
SF:src/ai/promptBuilder.js
FN:9,(anonymous_0)
FN:42,(anonymous_1)
FN:65,(anonymous_2)
FN:83,(anonymous_3)
FN:99,(anonymous_4)
FN:119,(anonymous_5)
FN:155,(anonymous_6)
FN:176,(anonymous_7)
FN:194,(anonymous_8)
FN:212,(anonymous_9)
FN:229,(anonymous_10)
FN:237,(anonymous_11)
FN:244,(anonymous_12)
FNF:13
FNH:0
FNDA:0,(anonymous_0)
FNDA:0,(anonymous_1)
FNDA:0,(anonymous_2)
FNDA:0,(anonymous_3)
FNDA:0,(anonymous_4)
FNDA:0,(anonymous_5)
FNDA:0,(anonymous_6)
FNDA:0,(anonymous_7)
FNDA:0,(anonymous_8)
FNDA:0,(anonymous_9)
FNDA:0,(anonymous_10)
FNDA:0,(anonymous_11)
FNDA:0,(anonymous_12)
DA:10,0
DA:43,0
DA:45,0
DA:47,0
DA:66,0
DA:84,0
DA:100,0
DA:120,0
DA:122,0
DA:156,0
DA:177,0
DA:195,0
DA:213,0
DA:231,0
DA:238,0
DA:245,0
DA:246,0
DA:256,0
DA:257,0
LF:19
LH:0
BRDA:42,0,0,0
BRDA:42,1,0,0
BRDA:43,2,0,0
BRDA:43,3,0,0
BRDA:43,4,0,0
BRDA:43,5,0,0
BRDA:45,6,0,0
BRDA:45,6,1,0
BRDA:54,7,0,0
BRDA:54,7,1,0
BRDA:55,8,0,0
BRDA:55,8,1,0
BRDA:57,9,0,0
BRDA:57,9,1,0
BRDA:83,10,0,0
BRDA:119,11,0,0
BRDA:120,12,0,0
BRDA:120,13,0,0
BRDA:120,14,0,0
BRDA:128,15,0,0
BRDA:128,15,1,0
BRDA:129,16,0,0
BRDA:129,16,1,0
BRDA:130,17,0,0
BRDA:130,17,1,0
BRDA:155,18,0,0
BRDA:212,19,0,0
BRDA:244,20,0,0
BRF:28
BRH:0
end_of_record
TN:
SF:src/ai/responseParser.js
FN:9,(anonymous_0)
FN:17,(anonymous_1)
FN:55,(anonymous_2)
FN:82,(anonymous_3)
FN:116,(anonymous_4)
FN:136,(anonymous_5)
FN:155,(anonymous_6)
FN:202,(anonymous_7)
FN:210,(anonymous_8)
FN:232,(anonymous_9)
FN:258,(anonymous_10)
FN:286,(anonymous_11)
FN:303,(anonymous_12)
FN:315,(anonymous_13)
FN:347,(anonymous_14)
FNF:15
FNH:0
FNDA:0,(anonymous_0)
FNDA:0,(anonymous_1)
FNDA:0,(anonymous_2)
FNDA:0,(anonymous_3)
FNDA:0,(anonymous_4)
FNDA:0,(anonymous_5)
FNDA:0,(anonymous_6)
FNDA:0,(anonymous_7)
FNDA:0,(anonymous_8)
FNDA:0,(anonymous_9)
FNDA:0,(anonymous_10)
FNDA:0,(anonymous_11)
FNDA:0,(anonymous_12)
FNDA:0,(anonymous_13)
FNDA:0,(anonymous_14)
DA:10,0
DA:11,0
DA:18,0
DA:19,0
DA:20,0
DA:21,0
DA:24,0
DA:25,0
DA:26,0
DA:29,0
DA:30,0
DA:32,0
DA:43,0
DA:56,0
DA:59,0
DA:60,0
DA:61,0
DA:65,0
DA:66,0
DA:68,0
DA:69,0
DA:70,0
DA:71,0
DA:76,0
DA:83,0
DA:85,0
DA:87,0
DA:90,0
DA:91,0
DA:92,0
DA:93,0
DA:95,0
DA:100,0
DA:101,0
DA:102,0
DA:103,0
DA:109,0
DA:117,0
DA:121,0
DA:123,0
DA:124,0
DA:130,0
DA:137,0
DA:139,0
DA:156,0
DA:158,0
DA:159,0
DA:160,0
DA:163,0
DA:164,0
DA:165,0
DA:173,0
DA:174,0
DA:182,0
DA:183,0
DA:184,0
DA:186,0
DA:187,0
DA:194,0
DA:201,0
DA:202,0
DA:211,0
DA:212,0
DA:213,0
DA:216,0
DA:217,0
DA:218,0
DA:220,0
DA:233,0
DA:234,0
DA:235,0
DA:238,0
DA:239,0
DA:240,0
DA:247,0
DA:259,0
DA:260,0
DA:261,0
DA:264,0
DA:265,0
DA:266,0
DA:273,0
DA:287,0
DA:288,0
DA:289,0
DA:292,0
DA:293,0
DA:294,0
DA:301,0
DA:303,0
DA:316,0
DA:317,0
DA:318,0
DA:321,0
DA:322,0
DA:323,0
DA:330,0
DA:348,0
DA:349,0
DA:352,0
DA:353,0
DA:356,0
DA:361,0
DA:362,0
LF:104
LH:0
BRDA:20,0,0,0
BRDA:20,0,1,0
BRDA:20,1,0,0
BRDA:20,1,1,0
BRDA:25,2,0,0
BRDA:25,2,1,0
BRDA:25,3,0,0
BRDA:25,3,1,0
BRDA:25,3,2,0
BRDA:30,4,0,0
BRDA:30,4,1,0
BRDA:36,5,0,0
BRDA:36,5,1,0
BRDA:37,6,0,0
BRDA:37,6,1,0
BRDA:38,7,0,0
BRDA:38,7,1,0
BRDA:40,8,0,0
BRDA:40,8,1,0
BRDA:56,9,0,0
BRDA:56,9,1,0
BRDA:60,10,0,0
BRDA:60,10,1,0
BRDA:66,11,0,0
BRDA:66,11,1,0
BRDA:70,12,0,0
BRDA:70,12,1,0
BRDA:70,13,0,0
BRDA:70,13,1,0
BRDA:83,14,0,0
BRDA:83,14,1,0
BRDA:101,15,0,0
BRDA:101,15,1,0
BRDA:126,16,0,0
BRDA:126,16,1,0
BRDA:137,17,0,0
BRDA:137,17,1,0
BRDA:164,18,0,0
BRDA:164,18,1,0
BRDA:173,19,0,0
BRDA:173,19,1,0
BRDA:182,20,0,0
BRDA:182,20,1,0
BRDA:183,21,0,0
BRDA:183,21,1,0
BRDA:184,22,0,0
BRDA:184,22,1,0
BRDA:186,23,0,0
BRDA:186,23,1,0
BRDA:212,24,0,0
BRDA:212,24,1,0
BRDA:234,25,0,0
BRDA:234,25,1,0
BRDA:239,26,0,0
BRDA:239,26,1,0
BRDA:239,27,0,0
BRDA:239,27,1,0
BRDA:260,28,0,0
BRDA:260,28,1,0
BRDA:265,29,0,0
BRDA:265,29,1,0
BRDA:265,30,0,0
BRDA:265,30,1,0
BRDA:276,31,0,0
BRDA:276,31,1,0
BRDA:277,32,0,0
BRDA:277,32,1,0
BRDA:288,33,0,0
BRDA:288,33,1,0
BRDA:293,34,0,0
BRDA:293,34,1,0
BRDA:293,35,0,0
BRDA:293,35,1,0
BRDA:304,36,0,0
BRDA:304,36,1,0
BRDA:317,37,0,0
BRDA:317,37,1,0
BRDA:322,38,0,0
BRDA:322,38,1,0
BRDA:322,39,0,0
BRDA:322,39,1,0
BRDA:335,40,0,0
BRDA:335,40,1,0
BRDA:336,41,0,0
BRDA:336,41,1,0
BRDA:337,42,0,0
BRDA:337,42,1,0
BRDA:348,43,0,0
BRDA:348,43,1,0
BRDA:352,44,0,0
BRDA:352,44,1,0
BRF:91
BRH:0
end_of_record
TN:
SF:src/ai/seoOptimizer.js
FN:9,(anonymous_0)
FN:22,(anonymous_1)
FN:30,(anonymous_2)
FN:37,(anonymous_3)
FN:77,(anonymous_4)
FN:83,(anonymous_5)
FN:102,(anonymous_6)
FN:105,(anonymous_7)
FN:106,(anonymous_8)
FN:120,(anonymous_9)
FN:135,(anonymous_10)
FN:139,(anonymous_11)
FN:144,(anonymous_12)
FN:149,(anonymous_13)
FN:158,(anonymous_14)
FN:163,(anonymous_15)
FN:167,(anonymous_16)
FN:182,(anonymous_17)
FN:230,(anonymous_18)
FN:278,(anonymous_19)
FN:315,(anonymous_20)
FN:341,(anonymous_21)
FN:356,(anonymous_22)
FN:375,(anonymous_23)
FN:385,(anonymous_24)
FN:396,(anonymous_25)
FN:412,(anonymous_26)
FN:452,(anonymous_27)
FNF:28
FNH:0
FNDA:0,(anonymous_0)
FNDA:0,(anonymous_1)
FNDA:0,(anonymous_2)
FNDA:0,(anonymous_3)
FNDA:0,(anonymous_4)
FNDA:0,(anonymous_5)
FNDA:0,(anonymous_6)
FNDA:0,(anonymous_7)
FNDA:0,(anonymous_8)
FNDA:0,(anonymous_9)
FNDA:0,(anonymous_10)
FNDA:0,(anonymous_11)
FNDA:0,(anonymous_12)
FNDA:0,(anonymous_13)
FNDA:0,(anonymous_14)
FNDA:0,(anonymous_15)
FNDA:0,(anonymous_16)
FNDA:0,(anonymous_17)
FNDA:0,(anonymous_18)
FNDA:0,(anonymous_19)
FNDA:0,(anonymous_20)
FNDA:0,(anonymous_21)
FNDA:0,(anonymous_22)
FNDA:0,(anonymous_23)
FNDA:0,(anonymous_24)
FNDA:0,(anonymous_25)
FNDA:0,(anonymous_26)
FNDA:0,(anonymous_27)
DA:10,0
DA:11,0
DA:13,0
DA:14,0
DA:16,0
DA:23,0
DA:24,0
DA:31,0
DA:38,0
DA:39,0
DA:40,0
DA:44,0
DA:45,0
DA:48,0
DA:51,0
DA:54,0
DA:65,0
DA:71,0
DA:78,0
DA:83,0
DA:85,0
DA:86,0
DA:88,0
DA:91,0
DA:92,0
DA:96,0
DA:103,0
DA:105,0
DA:106,0
DA:108,0
DA:121,0
DA:122,0
DA:123,0
DA:124,0
DA:125,0
DA:126,0
DA:128,0
DA:136,0
DA:139,0
DA:140,0
DA:141,0
DA:144,0
DA:149,0
DA:150,0
DA:151,0
DA:158,0
DA:159,0
DA:160,0
DA:163,0
DA:167,0
DA:168,0
DA:169,0
DA:176,0
DA:183,0
DA:184,0
DA:187,0
DA:188,0
DA:190,0
DA:203,0
DA:204,0
DA:205,0
DA:207,0
DA:208,0
DA:211,0
DA:217,0
DA:223,0
DA:231,0
DA:232,0
DA:235,0
DA:236,0
DA:238,0
DA:251,0
DA:252,0
DA:253,0
DA:255,0
DA:256,0
DA:259,0
DA:265,0
DA:271,0
DA:279,0
DA:280,0
DA:283,0
DA:284,0
DA:286,0
DA:288,0
DA:289,0
DA:290,0
DA:292,0
DA:293,0
DA:296,0
DA:302,0
DA:308,0
DA:316,0
DA:323,0
DA:324,0
DA:327,0
DA:328,0
DA:331,0
DA:342,0
DA:343,0
DA:346,0
DA:357,0
DA:358,0
DA:361,0
DA:363,0
DA:375,0
DA:385,0
DA:397,0
DA:398,0
DA:399,0
DA:401,0
DA:402,0
DA:403,0
DA:404,0
DA:406,0
DA:413,0
DA:415,0
DA:433,0
DA:441,0
DA:442,0
DA:443,0
DA:446,0
DA:453,0
DA:458,0
DA:459,0
LF:125
LH:0
BRDA:31,0,0,0
BRDA:31,0,1,0
BRDA:39,1,0,0
BRDA:39,1,1,0
BRDA:85,2,0,0
BRDA:85,2,1,0
BRDA:91,3,0,0
BRDA:91,3,1,0
BRDA:103,4,0,0
BRDA:103,4,1,0
BRDA:103,5,0,0
BRDA:103,5,1,0
BRDA:103,6,0,0
BRDA:103,6,1,0
BRDA:121,7,0,0
BRDA:121,7,1,0
BRDA:123,8,0,0
BRDA:123,8,1,0
BRDA:125,9,0,0
BRDA:125,9,1,0
BRDA:140,10,0,0
BRDA:140,10,1,0
BRDA:150,11,0,0
BRDA:150,11,1,0
BRDA:159,12,0,0
BRDA:159,12,1,0
BRDA:168,13,0,0
BRDA:168,13,1,0
BRDA:182,14,0,0
BRDA:183,15,0,0
BRDA:183,15,1,0
BRDA:188,16,0,0
BRDA:188,16,1,0
BRDA:207,17,0,0
BRDA:207,17,1,0
BRDA:230,18,0,0
BRDA:231,19,0,0
BRDA:231,19,1,0
BRDA:236,20,0,0
BRDA:236,20,1,0
BRDA:255,21,0,0
BRDA:255,21,1,0
BRDA:278,22,0,0
BRDA:279,23,0,0
BRDA:279,23,1,0
BRDA:284,24,0,0
BRDA:284,24,1,0
BRDA:292,25,0,0
BRDA:292,25,1,0
BRDA:315,26,0,0
BRDA:315,27,0,0
BRDA:323,28,0,0
BRDA:323,28,1,0
BRDA:323,29,0,0
BRDA:323,29,1,0
BRDA:327,30,0,0
BRDA:327,30,1,0
BRDA:342,31,0,0
BRDA:342,31,1,0
BRDA:357,32,0,0
BRDA:357,32,1,0
BRDA:412,33,0,0
BRDA:413,34,0,0
BRDA:413,35,0,0
BRDA:441,36,0,0
BRDA:441,36,1,0
BRDA:443,37,0,0
BRDA:443,37,1,0
BRF:68
BRH:0
end_of_record
TN:
SF:src/ai/seoRules.js
FN:9,(anonymous_0)
FN:16,(anonymous_1)
FN:22,(anonymous_2)
FN:56,(anonymous_3)
FN:92,(anonymous_4)
FN:117,(anonymous_5)
FN:136,(anonymous_6)
FN:142,(anonymous_7)
FN:173,(anonymous_8)
FN:178,(anonymous_9)
FN:205,(anonymous_10)
FN:211,(anonymous_11)
FN:228,(anonymous_12)
FN:232,(anonymous_13)
FN:250,(anonymous_14)
FN:269,(anonymous_15)
FN:288,(anonymous_16)
FN:307,(anonymous_17)
FN:327,(anonymous_18)
FN:346,(anonymous_19)
FN:368,(anonymous_20)
FN:398,(anonymous_21)
FN:405,(anonymous_22)
FN:406,(anonymous_23)
FN:412,(anonymous_24)
FN:413,(anonymous_25)
FN:419,(anonymous_26)
FN:422,(anonymous_27)
FN:425,(anonymous_28)
FN:444,(anonymous_29)
FN:446,(anonymous_30)
FN:447,(anonymous_31)
FNF:32
FNH:0
FNDA:0,(anonymous_0)
FNDA:0,(anonymous_1)
FNDA:0,(anonymous_2)
FNDA:0,(anonymous_3)
FNDA:0,(anonymous_4)
FNDA:0,(anonymous_5)
FNDA:0,(anonymous_6)
FNDA:0,(anonymous_7)
FNDA:0,(anonymous_8)
FNDA:0,(anonymous_9)
FNDA:0,(anonymous_10)
FNDA:0,(anonymous_11)
FNDA:0,(anonymous_12)
FNDA:0,(anonymous_13)
FNDA:0,(anonymous_14)
FNDA:0,(anonymous_15)
FNDA:0,(anonymous_16)
FNDA:0,(anonymous_17)
FNDA:0,(anonymous_18)
FNDA:0,(anonymous_19)
FNDA:0,(anonymous_20)
FNDA:0,(anonymous_21)
FNDA:0,(anonymous_22)
FNDA:0,(anonymous_23)
FNDA:0,(anonymous_24)
FNDA:0,(anonymous_25)
FNDA:0,(anonymous_26)
FNDA:0,(anonymous_27)
FNDA:0,(anonymous_28)
FNDA:0,(anonymous_29)
FNDA:0,(anonymous_30)
FNDA:0,(anonymous_31)
DA:10,0
DA:17,0
DA:23,0
DA:24,0
DA:26,0
DA:27,0
DA:33,0
DA:34,0
DA:35,0
DA:40,0
DA:41,0
DA:49,0
DA:57,0
DA:58,0
DA:60,0
DA:61,0
DA:67,0
DA:68,0
DA:70,0
DA:71,0
DA:76,0
DA:77,0
DA:85,0
DA:93,0
DA:94,0
DA:96,0
DA:97,0
DA:102,0
DA:103,0
DA:110,0
DA:118,0
DA:119,0
DA:121,0
DA:122,0
DA:129,0
DA:137,0
DA:138,0
DA:139,0
DA:140,0
DA:142,0
DA:143,0
DA:144,0
DA:145,0
DA:146,0
DA:150,0
DA:151,0
DA:158,0
DA:159,0
DA:166,0
DA:174,0
DA:175,0
DA:176,0
DA:178,0
DA:179,0
DA:180,0
DA:186,0
DA:190,0
DA:191,0
DA:198,0
DA:206,0
DA:209,0
DA:211,0
DA:212,0
DA:213,0
DA:221,0
DA:229,0
DA:230,0
DA:232,0
DA:233,0
DA:234,0
DA:235,0
DA:243,0
DA:251,0
DA:252,0
DA:254,0
DA:255,0
DA:262,0
DA:270,0
DA:271,0
DA:273,0
DA:274,0
DA:281,0
DA:289,0
DA:290,0
DA:292,0
DA:293,0
DA:300,0
DA:308,0
DA:309,0
DA:310,0
DA:312,0
DA:313,0
DA:320,0
DA:328,0
DA:329,0
DA:331,0
DA:332,0
DA:339,0
DA:347,0
DA:348,0
DA:350,0
DA:351,0
DA:352,0
DA:353,0
DA:361,0
DA:369,0
DA:370,0
DA:371,0
DA:373,0
DA:374,0
DA:381,0
DA:382,0
DA:389,0
DA:399,0
DA:406,0
DA:413,0
DA:420,0
DA:422,0
DA:423,0
DA:424,0
DA:425,0
DA:426,0
DA:434,0
DA:438,0
DA:445,0
DA:446,0
DA:447,0
DA:450,0
DA:451,0
DA:453,0
DA:458,0
DA:459,0
LF:132
LH:0
BRDA:26,0,0,0
BRDA:26,0,1,0
BRDA:34,1,0,0
BRDA:34,1,1,0
BRDA:40,2,0,0
BRDA:40,2,1,0
BRDA:60,3,0,0
BRDA:60,3,1,0
BRDA:67,4,0,0
BRDA:67,4,1,0
BRDA:70,5,0,0
BRDA:70,5,1,0
BRDA:76,6,0,0
BRDA:76,6,1,0
BRDA:96,7,0,0
BRDA:96,7,1,0
BRDA:102,8,0,0
BRDA:102,8,1,0
BRDA:121,9,0,0
BRDA:121,9,1,0
BRDA:143,10,0,0
BRDA:143,10,1,0
BRDA:145,11,0,0
BRDA:145,11,1,0
BRDA:150,12,0,0
BRDA:150,12,1,0
BRDA:158,13,0,0
BRDA:158,13,1,0
BRDA:180,14,0,0
BRDA:180,14,1,0
BRDA:181,15,0,0
BRDA:181,15,1,0
BRDA:181,15,2,0
BRDA:181,15,3,0
BRDA:190,16,0,0
BRDA:190,16,1,0
BRDA:190,17,0,0
BRDA:190,17,1,0
BRDA:212,18,0,0
BRDA:212,18,1,0
BRDA:212,19,0,0
BRDA:212,19,1,0
BRDA:234,20,0,0
BRDA:234,20,1,0
BRDA:254,21,0,0
BRDA:254,21,1,0
BRDA:273,22,0,0
BRDA:273,22,1,0
BRDA:292,23,0,0
BRDA:292,23,1,0
BRDA:308,24,0,0
BRDA:308,24,1,0
BRDA:312,25,0,0
BRDA:312,25,1,0
BRDA:331,26,0,0
BRDA:331,26,1,0
BRDA:350,27,0,0
BRDA:350,27,1,0
BRDA:351,28,0,0
BRDA:351,28,1,0
BRDA:352,29,0,0
BRDA:352,29,1,0
BRDA:373,30,0,0
BRDA:373,30,1,0
BRDA:381,31,0,0
BRDA:381,31,1,0
BRF:66
BRH:0
end_of_record
TN:
SF:src/ai/tokenTracker.js
FN:9,(anonymous_0)
FN:28,(anonymous_1)
FN:51,(anonymous_2)
FN:66,(anonymous_3)
FN:77,(anonymous_4)
FN:141,(anonymous_5)
FN:150,(anonymous_6)
FN:173,(anonymous_7)
FN:212,(anonymous_8)
FN:221,(anonymous_9)
FN:237,(anonymous_10)
FN:246,(anonymous_11)
FN:255,(anonymous_12)
FN:263,(anonymous_13)
FN:270,(anonymous_14)
FN:281,(anonymous_15)
FN:322,(anonymous_16)
FN:342,(anonymous_17)
FNF:18
FNH:0
FNDA:0,(anonymous_0)
FNDA:0,(anonymous_1)
FNDA:0,(anonymous_2)
FNDA:0,(anonymous_3)
FNDA:0,(anonymous_4)
FNDA:0,(anonymous_5)
FNDA:0,(anonymous_6)
FNDA:0,(anonymous_7)
FNDA:0,(anonymous_8)
FNDA:0,(anonymous_9)
FNDA:0,(anonymous_10)
FNDA:0,(anonymous_11)
FNDA:0,(anonymous_12)
FNDA:0,(anonymous_13)
FNDA:0,(anonymous_14)
FNDA:0,(anonymous_15)
FNDA:0,(anonymous_16)
FNDA:0,(anonymous_17)
DA:10,0
DA:11,0
DA:12,0
DA:19,0
DA:29,0
DA:30,0
DA:31,0
DA:32,0
DA:34,0
DA:35,0
DA:36,0
DA:37,0
DA:39,0
DA:42,0
DA:45,0
DA:52,0
DA:67,0
DA:68,0
DA:70,0
DA:78,0
DA:79,0
DA:82,0
DA:83,0
DA:84,0
DA:85,0
DA:89,0
DA:90,0
DA:91,0
DA:93,0
DA:94,0
DA:95,0
DA:97,0
DA:98,0
DA:99,0
DA:102,0
DA:103,0
DA:105,0
DA:106,0
DA:107,0
DA:108,0
DA:111,0
DA:122,0
DA:123,0
DA:126,0
DA:129,0
DA:135,0
DA:142,0
DA:143,0
DA:144,0
DA:151,0
DA:174,0
DA:175,0
DA:177,0
DA:179,0
DA:180,0
DA:186,0
DA:187,0
DA:195,0
DA:196,0
DA:202,0
DA:203,0
DA:211,0
DA:212,0
DA:223,0
DA:224,0
DA:238,0
DA:239,0
DA:240,0
DA:247,0
DA:248,0
DA:249,0
DA:256,0
DA:257,0
DA:264,0
DA:271,0
DA:282,0
DA:283,0
DA:284,0
DA:285,0
DA:322,0
DA:342,0
DA:343,0
DA:344,0
DA:346,0
DA:351,0
DA:352,0
LF:86
LH:0
BRDA:31,0,0,0
BRDA:31,0,1,0
BRDA:35,1,0,0
BRDA:35,1,1,0
BRDA:77,2,0,0
BRDA:77,3,0,0
BRDA:78,4,0,0
BRDA:78,5,0,0
BRDA:83,6,0,0
BRDA:83,6,1,0
BRDA:102,7,0,0
BRDA:102,7,1,0
BRDA:122,8,0,0
BRDA:122,8,1,0
BRDA:179,9,0,0
BRDA:179,9,1,0
BRDA:186,10,0,0
BRDA:186,10,1,0
BRDA:195,11,0,0
BRDA:195,11,1,0
BRDA:202,12,0,0
BRDA:202,12,1,0
BRDA:214,13,0,0
BRDA:214,13,1,0
BRDA:263,14,0,0
BRF:25
BRH:0
end_of_record
TN:
SF:src/ai/wcagRules.js
FN:9,(anonymous_0)
FN:16,(anonymous_1)
FN:23,(anonymous_2)
FN:27,(anonymous_3)
FN:45,(anonymous_4)
FN:51,(anonymous_5)
FN:74,(anonymous_6)
FN:79,(anonymous_7)
FN:101,(anonymous_8)
FN:106,(anonymous_9)
FN:132,(anonymous_10)
FN:136,(anonymous_11)
FN:159,(anonymous_12)
FN:166,(anonymous_13)
FN:189,(anonymous_14)
FN:209,(anonymous_15)
FN:227,(anonymous_16)
FN:246,(anonymous_17)
FN:250,(anonymous_18)
FN:270,(anonymous_19)
FN:275,(anonymous_20)
FN:291,(anonymous_21)
FN:297,(anonymous_22)
FN:316,(anonymous_23)
FN:320,(anonymous_24)
FN:340,(anonymous_25)
FN:362,(anonymous_26)
FN:383,(anonymous_27)
FN:404,(anonymous_28)
FN:411,(anonymous_29)
FN:412,(anonymous_30)
FN:418,(anonymous_31)
FN:419,(anonymous_32)
FN:425,(anonymous_33)
FN:428,(anonymous_34)
FN:431,(anonymous_35)
FN:451,(anonymous_36)
FN:453,(anonymous_37)
FNF:38
FNH:0
FNDA:0,(anonymous_0)
FNDA:0,(anonymous_1)
FNDA:0,(anonymous_2)
FNDA:0,(anonymous_3)
FNDA:0,(anonymous_4)
FNDA:0,(anonymous_5)
FNDA:0,(anonymous_6)
FNDA:0,(anonymous_7)
FNDA:0,(anonymous_8)
FNDA:0,(anonymous_9)
FNDA:0,(anonymous_10)
FNDA:0,(anonymous_11)
FNDA:0,(anonymous_12)
FNDA:0,(anonymous_13)
FNDA:0,(anonymous_14)
FNDA:0,(anonymous_15)
FNDA:0,(anonymous_16)
FNDA:0,(anonymous_17)
FNDA:0,(anonymous_18)
FNDA:0,(anonymous_19)
FNDA:0,(anonymous_20)
FNDA:0,(anonymous_21)
FNDA:0,(anonymous_22)
FNDA:0,(anonymous_23)
FNDA:0,(anonymous_24)
FNDA:0,(anonymous_25)
FNDA:0,(anonymous_26)
FNDA:0,(anonymous_27)
FNDA:0,(anonymous_28)
FNDA:0,(anonymous_29)
FNDA:0,(anonymous_30)
FNDA:0,(anonymous_31)
FNDA:0,(anonymous_32)
FNDA:0,(anonymous_33)
FNDA:0,(anonymous_34)
FNDA:0,(anonymous_35)
FNDA:0,(anonymous_36)
FNDA:0,(anonymous_37)
DA:10,0
DA:17,0
DA:24,0
DA:25,0
DA:27,0
DA:28,0
DA:29,0
DA:37,0
DA:46,0
DA:49,0
DA:51,0
DA:53,0
DA:57,0
DA:58,0
DA:66,0
DA:75,0
DA:76,0
DA:77,0
DA:79,0
DA:80,0
DA:82,0
DA:83,0
DA:90,0
DA:93,0
DA:102,0
DA:103,0
DA:104,0
DA:106,0
DA:107,0
DA:109,0
DA:110,0
DA:115,0
DA:116,0
DA:124,0
DA:133,0
DA:134,0
DA:136,0
DA:138,0
DA:142,0
DA:143,0
DA:151,0
DA:161,0
DA:162,0
DA:166,0
DA:167,0
DA:168,0
DA:169,0
DA:172,0
DA:173,0
DA:181,0
DA:190,0
DA:191,0
DA:193,0
DA:194,0
DA:201,0
DA:210,0
DA:211,0
DA:225,0
DA:227,0
DA:228,0
DA:229,0
DA:230,0
DA:238,0
DA:247,0
DA:248,0
DA:250,0
DA:251,0
DA:253,0
DA:254,0
DA:262,0
DA:271,0
DA:274,0
DA:275,0
DA:276,0
DA:283,0
DA:292,0
DA:293,0
DA:297,0
DA:298,0
DA:299,0
DA:300,0
DA:308,0
DA:317,0
DA:318,0
DA:320,0
DA:321,0
DA:323,0
DA:324,0
DA:332,0
DA:341,0
DA:342,0
DA:346,0
DA:347,0
DA:354,0
DA:363,0
DA:364,0
DA:365,0
DA:367,0
DA:368,0
DA:375,0
DA:384,0
DA:385,0
DA:387,0
DA:388,0
DA:395,0
DA:405,0
DA:412,0
DA:419,0
DA:426,0
DA:428,0
DA:429,0
DA:430,0
DA:431,0
DA:432,0
DA:441,0
DA:445,0
DA:452,0
DA:453,0
DA:454,0
DA:456,0
DA:461,0
DA:462,0
LF:122
LH:0
BRDA:28,0,0,0
BRDA:28,0,1,0
BRDA:53,1,0,0
BRDA:53,1,1,0
BRDA:53,1,2,0
BRDA:53,1,3,0
BRDA:57,2,0,0
BRDA:57,2,1,0
BRDA:82,3,0,0
BRDA:82,3,1,0
BRDA:109,4,0,0
BRDA:109,4,1,0
BRDA:115,5,0,0
BRDA:115,5,1,0
BRDA:138,6,0,0
BRDA:138,6,1,0
BRDA:138,6,2,0
BRDA:142,7,0,0
BRDA:142,7,1,0
BRDA:172,8,0,0
BRDA:172,8,1,0
BRDA:172,9,0,0
BRDA:172,9,1,0
BRDA:172,9,2,0
BRDA:191,10,0,0
BRDA:191,10,1,0
BRDA:193,11,0,0
BRDA:193,11,1,0
BRDA:229,12,0,0
BRDA:229,12,1,0
BRDA:251,13,0,0
BRDA:251,13,1,0
BRDA:253,14,0,0
BRDA:253,14,1,0
BRDA:299,15,0,0
BRDA:299,15,1,0
BRDA:299,16,0,0
BRDA:299,16,1,0
BRDA:299,16,2,0
BRDA:323,17,0,0
BRDA:323,17,1,0
BRDA:346,18,0,0
BRDA:346,18,1,0
BRDA:367,19,0,0
BRDA:367,19,1,0
BRDA:387,20,0,0
BRDA:387,20,1,0
BRDA:387,21,0,0
BRDA:387,21,1,0
BRF:49
BRH:0
end_of_record
TN:
SF:src/collaboration/collaborationClient.js
FN:10,(anonymous_0)
FN:28,(anonymous_1)
FN:48,(anonymous_2)
FN:83,(anonymous_3)
FN:85,(anonymous_4)
FN:96,(anonymous_5)
FN:105,(anonymous_6)
FN:114,(anonymous_7)
FN:119,(anonymous_8)
FN:126,(anonymous_9)
FN:132,(anonymous_10)
FN:137,(anonymous_11)
FN:142,(anonymous_12)
FN:146,(anonymous_13)
FN:150,(anonymous_14)
FN:155,(anonymous_15)
FN:167,(anonymous_16)
FN:172,(anonymous_17)
FN:173,(anonymous_18)
FN:193,(anonymous_19)
FN:198,(anonymous_20)
FN:199,(anonymous_21)
FN:221,(anonymous_22)
FN:233,(anonymous_23)
FN:246,(anonymous_24)
FN:259,(anonymous_25)
FN:264,(anonymous_26)
FN:265,(anonymous_27)
FN:279,(anonymous_28)
FN:284,(anonymous_29)
FN:286,(anonymous_30)
FN:296,(anonymous_31)
FN:315,(anonymous_32)
FN:327,(anonymous_33)
FN:345,(anonymous_34)
FN:351,(anonymous_35)
FN:364,(anonymous_36)
FN:372,(anonymous_37)
FN:380,(anonymous_38)
FN:388,(anonymous_39)
FNF:40
FNH:0
FNDA:0,(anonymous_0)
FNDA:0,(anonymous_1)
FNDA:0,(anonymous_2)
FNDA:0,(anonymous_3)
FNDA:0,(anonymous_4)
FNDA:0,(anonymous_5)
FNDA:0,(anonymous_6)
FNDA:0,(anonymous_7)
FNDA:0,(anonymous_8)
FNDA:0,(anonymous_9)
FNDA:0,(anonymous_10)
FNDA:0,(anonymous_11)
FNDA:0,(anonymous_12)
FNDA:0,(anonymous_13)
FNDA:0,(anonymous_14)
FNDA:0,(anonymous_15)
FNDA:0,(anonymous_16)
FNDA:0,(anonymous_17)
FNDA:0,(anonymous_18)
FNDA:0,(anonymous_19)
FNDA:0,(anonymous_20)
FNDA:0,(anonymous_21)
FNDA:0,(anonymous_22)
FNDA:0,(anonymous_23)
FNDA:0,(anonymous_24)
FNDA:0,(anonymous_25)
FNDA:0,(anonymous_26)
FNDA:0,(anonymous_27)
FNDA:0,(anonymous_28)
FNDA:0,(anonymous_29)
FNDA:0,(anonymous_30)
FNDA:0,(anonymous_31)
FNDA:0,(anonymous_32)
FNDA:0,(anonymous_33)
FNDA:0,(anonymous_34)
FNDA:0,(anonymous_35)
FNDA:0,(anonymous_36)
FNDA:0,(anonymous_37)
FNDA:0,(anonymous_38)
FNDA:0,(anonymous_39)
DA:11,0
DA:12,0
DA:13,0
DA:14,0
DA:15,0
DA:16,0
DA:17,0
DA:18,0
DA:21,0
DA:33,0
DA:35,0
DA:36,0
DA:38,0
DA:39,0
DA:42,0
DA:49,0
DA:50,0
DA:51,0
DA:54,0
DA:55,0
DA:56,0
DA:57,0
DA:60,0
DA:61,0
DA:63,0
DA:65,0
DA:77,0
DA:85,0
DA:86,0
DA:87,0
DA:88,0
DA:89,0
DA:91,0
DA:92,0
DA:93,0
DA:96,0
DA:97,0
DA:98,0
DA:100,0
DA:101,0
DA:102,0
DA:105,0
DA:106,0
DA:107,0
DA:110,0
DA:111,0
DA:114,0
DA:115,0
DA:116,0
DA:119,0
DA:120,0
DA:121,0
DA:122,0
DA:123,0
DA:126,0
DA:127,0
DA:128,0
DA:132,0
DA:133,0
DA:134,0
DA:137,0
DA:138,0
DA:139,0
DA:142,0
DA:143,0
DA:146,0
DA:147,0
DA:150,0
DA:151,0
DA:155,0
DA:156,0
DA:157,0
DA:168,0
DA:169,0
DA:172,0
DA:173,0
DA:174,0
DA:175,0
DA:176,0
DA:178,0
DA:179,0
DA:180,0
DA:182,0
DA:183,0
DA:194,0
DA:195,0
DA:198,0
DA:199,0
DA:200,0
DA:201,0
DA:202,0
DA:203,0
DA:205,0
DA:206,0
DA:207,0
DA:209,0
DA:222,0
DA:223,0
DA:226,0
DA:234,0
DA:235,0
DA:238,0
DA:247,0
DA:248,0
DA:251,0
DA:260,0
DA:261,0
DA:264,0
DA:265,0
DA:266,0
DA:267,0
DA:269,0
DA:280,0
DA:281,0
DA:284,0
DA:285,0
DA:286,0
DA:287,0
DA:288,0
DA:297,0
DA:298,0
DA:299,0
DA:300,0
DA:301,0
DA:302,0
DA:303,0
DA:305,0
DA:306,0
DA:316,0
DA:317,0
DA:319,0
DA:328,0
DA:329,0
DA:332,0
DA:333,0
DA:335,0
DA:336,0
DA:346,0
DA:347,0
DA:350,0
DA:351,0
DA:352,0
DA:353,0
DA:355,0
DA:365,0
DA:373,0
DA:381,0
DA:389,0
DA:394,0
LF:149
LH:0
BRDA:28,0,0,0
BRDA:30,1,0,0
BRDA:31,2,0,0
BRDA:32,3,0,0
BRDA:38,4,0,0
BRDA:38,4,1,0
BRDA:38,5,0,0
BRDA:38,5,1,0
BRDA:49,6,0,0
BRDA:49,6,1,0
BRDA:49,7,0,0
BRDA:49,7,1,0
BRDA:54,8,0,0
BRDA:54,8,1,0
BRDA:167,9,0,0
BRDA:168,10,0,0
BRDA:168,10,1,0
BRDA:174,11,0,0
BRDA:174,11,1,0
BRDA:194,12,0,0
BRDA:194,12,1,0
BRDA:194,13,0,0
BRDA:194,13,1,0
BRDA:200,14,0,0
BRDA:200,14,1,0
BRDA:221,15,0,0
BRDA:222,16,0,0
BRDA:222,16,1,0
BRDA:222,17,0,0
BRDA:222,17,1,0
BRDA:234,18,0,0
BRDA:234,18,1,0
BRDA:234,19,0,0
BRDA:234,19,1,0
BRDA:247,20,0,0
BRDA:247,20,1,0
BRDA:247,21,0,0
BRDA:247,21,1,0
BRDA:260,22,0,0
BRDA:260,22,1,0
BRDA:266,23,0,0
BRDA:266,23,1,0
BRDA:280,24,0,0
BRDA:280,24,1,0
BRDA:297,25,0,0
BRDA:297,25,1,0
BRDA:316,26,0,0
BRDA:316,26,1,0
BRDA:328,27,0,0
BRDA:328,27,1,0
BRDA:335,28,0,0
BRDA:335,28,1,0
BRDA:346,29,0,0
BRDA:346,29,1,0
BRF:54
BRH:0
end_of_record
TN:
SF:src/components/A11yPanel.js
FN:8,(anonymous_0)
FN:15,(anonymous_1)
FN:41,(anonymous_2)
FN:79,(anonymous_3)
FN:110,(anonymous_4)
FN:126,(anonymous_5)
FN:147,(anonymous_6)
FN:169,(anonymous_7)
FN:187,(anonymous_8)
FN:188,(anonymous_9)
FN:194,(anonymous_10)
FNF:11
FNH:0
FNDA:0,(anonymous_0)
FNDA:0,(anonymous_1)
FNDA:0,(anonymous_2)
FNDA:0,(anonymous_3)
FNDA:0,(anonymous_4)
FNDA:0,(anonymous_5)
FNDA:0,(anonymous_6)
FNDA:0,(anonymous_7)
FNDA:0,(anonymous_8)
FNDA:0,(anonymous_9)
FNDA:0,(anonymous_10)
DA:9,0
DA:16,0
DA:17,0
DA:20,0
DA:22,0
DA:23,0
DA:24,0
DA:34,0
DA:35,0
DA:42,0
DA:44,0
DA:79,0
DA:111,0
DA:127,0
DA:128,0
DA:129,0
DA:132,0
DA:133,0
DA:135,0
DA:136,0
DA:139,0
DA:140,0
DA:148,0
DA:149,0
DA:150,0
DA:153,0
DA:155,0
DA:156,0
DA:159,0
DA:161,0
DA:162,0
DA:170,0
DA:171,0
DA:173,0
DA:174,0
DA:177,0
DA:179,0
DA:180,0
DA:188,0
DA:195,0
DA:196,0
DA:197,0
DA:203,0
DA:204,0
LF:44
LH:0
BRDA:15,0,0,0
BRDA:16,1,0,0
BRDA:16,1,1,0
BRDA:20,2,0,0
BRDA:20,2,1,0
BRDA:30,3,0,0
BRDA:30,3,1,0
BRDA:76,4,0,0
BRDA:76,4,1,0
BRDA:91,5,0,0
BRDA:91,5,1,0
BRDA:128,6,0,0
BRDA:128,6,1,0
BRDA:135,7,0,0
BRDA:135,7,1,0
BRDA:149,8,0,0
BRDA:149,8,1,0
BRDA:155,9,0,0
BRDA:155,9,1,0
BRDA:173,10,0,0
BRDA:173,10,1,0
BRDA:195,11,0,0
BRDA:195,11,1,0
BRF:23
BRH:0
end_of_record
TN:
SF:src/components/AdvancedPropertiesPanel.js
FN:7,(anonymous_0)
FN:15,(anonymous_1)
FN:23,(anonymous_2)
FN:35,(anonymous_3)
FN:47,(anonymous_4)
FN:58,(anonymous_5)
FN:81,(anonymous_6)
FN:137,(anonymous_7)
FN:164,(anonymous_8)
FN:199,(anonymous_9)
FN:208,(anonymous_10)
FN:278,(anonymous_11)
FN:280,(anonymous_12)
FN:281,(anonymous_13)
FN:285,(anonymous_14)
FN:290,(anonymous_15)
FN:304,(anonymous_16)
FN:311,(anonymous_17)
FN:324,(anonymous_18)
FN:335,(anonymous_19)
FN:336,(anonymous_20)
FN:342,(anonymous_21)
FN:349,(anonymous_22)
FN:360,(anonymous_23)
FN:376,(anonymous_24)
FNF:25
FNH:0
FNDA:0,(anonymous_0)
FNDA:0,(anonymous_1)
FNDA:0,(anonymous_2)
FNDA:0,(anonymous_3)
FNDA:0,(anonymous_4)
FNDA:0,(anonymous_5)
FNDA:0,(anonymous_6)
FNDA:0,(anonymous_7)
FNDA:0,(anonymous_8)
FNDA:0,(anonymous_9)
FNDA:0,(anonymous_10)
FNDA:0,(anonymous_11)
FNDA:0,(anonymous_12)
FNDA:0,(anonymous_13)
FNDA:0,(anonymous_14)
FNDA:0,(anonymous_15)
FNDA:0,(anonymous_16)
FNDA:0,(anonymous_17)
FNDA:0,(anonymous_18)
FNDA:0,(anonymous_19)
FNDA:0,(anonymous_20)
FNDA:0,(anonymous_21)
FNDA:0,(anonymous_22)
FNDA:0,(anonymous_23)
FNDA:0,(anonymous_24)
DA:8,0
DA:9,0
DA:10,0
DA:12,0
DA:16,0
DA:17,0
DA:24,0
DA:25,0
DA:28,0
DA:29,0
DA:30,0
DA:31,0
DA:32,0
DA:33,0
DA:34,0
DA:35,0
DA:37,0
DA:38,0
DA:39,0
DA:40,0
DA:48,0
DA:50,0
DA:51,0
DA:59,0
DA:61,0
DA:62,0
DA:63,0
DA:66,0
DA:67,0
DA:68,0
DA:71,0
DA:72,0
DA:82,0
DA:83,0
DA:85,0
DA:88,0
DA:121,0
DA:137,0
DA:138,0
DA:139,0
DA:140,0
DA:141,0
DA:143,0
DA:153,0
DA:163,0
DA:164,0
DA:165,0
DA:166,0
DA:167,0
DA:176,0
DA:187,0
DA:188,0
DA:189,0
DA:191,0
DA:194,0
DA:197,0
DA:198,0
DA:199,0
DA:200,0
DA:209,0
DA:216,0
DA:223,0
DA:230,0
DA:231,0
DA:233,0
DA:279,0
DA:280,0
DA:281,0
DA:282,0
DA:285,0
DA:286,0
DA:289,0
DA:290,0
DA:291,0
DA:292,0
DA:294,0
DA:305,0
DA:306,0
DA:308,0
DA:309,0
DA:311,0
DA:312,0
DA:313,0
DA:314,0
DA:316,0
DA:326,0
DA:327,0
DA:329,0
DA:336,0
DA:344,0
DA:345,0
DA:346,0
DA:347,0
DA:349,0
DA:350,0
DA:351,0
DA:354,0
DA:361,0
DA:363,0
DA:364,0
DA:366,0
DA:367,0
DA:368,0
DA:370,0
DA:377,0
DA:378,0
DA:383,0
DA:384,0
DA:387,0
LF:109
LH:0
BRDA:25,0,0,0
BRDA:25,0,1,0
BRDA:29,1,0,0
BRDA:29,1,1,0
BRDA:29,2,0,0
BRDA:29,2,1,0
BRDA:50,3,0,0
BRDA:50,3,1,0
BRDA:62,4,0,0
BRDA:62,4,1,0
BRDA:66,5,0,0
BRDA:66,5,1,0
BRDA:67,6,0,0
BRDA:67,6,1,0
BRDA:71,7,0,0
BRDA:71,7,1,0
BRDA:83,8,0,0
BRDA:83,8,1,0
BRDA:139,9,0,0
BRDA:139,9,1,0
BRDA:144,10,0,0
BRDA:144,10,1,0
BRDA:147,11,0,0
BRDA:147,11,1,0
BRDA:166,12,0,0
BRDA:166,12,1,0
BRDA:187,13,0,0
BRDA:187,13,1,0
BRDA:188,14,0,0
BRDA:188,14,1,0
BRDA:198,15,0,0
BRDA:198,15,1,0
BRDA:291,16,0,0
BRDA:291,16,1,0
BRDA:306,17,0,0
BRDA:306,17,1,0
BRDA:313,18,0,0
BRDA:313,18,1,0
BRDA:326,19,0,0
BRDA:326,19,1,0
BRDA:347,20,0,0
BRDA:347,20,1,0
BRDA:361,21,0,0
BRDA:361,21,1,0
BRDA:361,22,0,0
BRDA:361,22,1,0
BRDA:364,23,0,0
BRDA:364,23,1,0
BRDA:383,24,0,0
BRDA:383,24,1,0
BRDA:383,25,0,0
BRDA:383,25,1,0
BRF:52
BRH:0
end_of_record
TN:
SF:src/components/CodeEditor.js
FN:14,(anonymous_0)
FN:53,(anonymous_1)
FN:72,(anonymous_2)
FN:95,(anonymous_3)
FN:99,(anonymous_4)
FN:102,(anonymous_5)
FN:112,(anonymous_6)
FN:116,(anonymous_7)
FN:124,(anonymous_8)
FN:133,(anonymous_9)
FN:145,(anonymous_10)
FN:149,(anonymous_11)
FN:166,(anonymous_12)
FN:173,(anonymous_13)
FN:182,(anonymous_14)
FN:191,(anonymous_15)
FN:209,(anonymous_16)
FN:219,(anonymous_17)
FN:228,(anonymous_18)
FN:235,(anonymous_19)
FN:236,(anonymous_20)
FN:248,(anonymous_21)
FN:257,(anonymous_22)
FN:266,(anonymous_23)
FN:278,(anonymous_24)
FN:285,(anonymous_25)
FNF:26
FNH:0
FNDA:0,(anonymous_0)
FNDA:0,(anonymous_1)
FNDA:0,(anonymous_2)
FNDA:0,(anonymous_3)
FNDA:0,(anonymous_4)
FNDA:0,(anonymous_5)
FNDA:0,(anonymous_6)
FNDA:0,(anonymous_7)
FNDA:0,(anonymous_8)
FNDA:0,(anonymous_9)
FNDA:0,(anonymous_10)
FNDA:0,(anonymous_11)
FNDA:0,(anonymous_12)
FNDA:0,(anonymous_13)
FNDA:0,(anonymous_14)
FNDA:0,(anonymous_15)
FNDA:0,(anonymous_16)
FNDA:0,(anonymous_17)
FNDA:0,(anonymous_18)
FNDA:0,(anonymous_19)
FNDA:0,(anonymous_20)
FNDA:0,(anonymous_21)
FNDA:0,(anonymous_22)
FNDA:0,(anonymous_23)
FNDA:0,(anonymous_24)
FNDA:0,(anonymous_25)
DA:15,0
DA:16,0
DA:17,0
DA:43,0
DA:44,0
DA:45,0
DA:47,0
DA:54,0
DA:55,0
DA:58,0
DA:61,0
DA:69,0
DA:72,0
DA:73,0
DA:77,0
DA:80,0
DA:82,0
DA:83,0
DA:85,0
DA:87,0
DA:88,0
DA:97,0
DA:99,0
DA:100,0
DA:102,0
DA:103,0
DA:104,0
DA:114,0
DA:117,0
DA:122,0
DA:125,0
DA:134,0
DA:135,0
DA:136,0
DA:138,0
DA:146,0
DA:147,0
DA:149,0
DA:159,0
DA:160,0
DA:167,0
DA:174,0
DA:175,0
DA:183,0
DA:184,0
DA:185,0
DA:192,0
DA:194,0
DA:195,0
DA:196,0
DA:203,0
DA:210,0
DA:211,0
DA:212,0
DA:220,0
DA:221,0
DA:229,0
DA:236,0
DA:237,0
DA:238,0
DA:240,0
DA:249,0
DA:250,0
DA:258,0
DA:259,0
DA:267,0
DA:268,0
DA:269,0
DA:271,0
DA:272,0
DA:279,0
DA:286,0
LF:72
LH:0
BRDA:14,0,0,0
BRDA:18,1,0,0
BRDA:18,1,1,0
BRDA:19,2,0,0
BRDA:19,2,1,0
BRDA:20,3,0,0
BRDA:20,3,1,0
BRDA:22,4,0,0
BRDA:22,4,1,0
BRDA:23,5,0,0
BRDA:23,5,1,0
BRDA:26,6,0,0
BRDA:26,6,1,0
BRDA:62,7,0,0
BRDA:62,7,1,0
BRDA:147,8,0,0
BRDA:147,8,1,0
BRDA:153,9,0,0
BRDA:153,9,1,0
BRDA:154,10,0,0
BRDA:154,10,1,0
BRDA:156,11,0,0
BRDA:156,11,1,0
BRDA:167,12,0,0
BRDA:167,12,1,0
BRDA:174,13,0,0
BRDA:174,13,1,0
BRDA:175,14,0,0
BRDA:175,14,1,0
BRDA:183,15,0,0
BRDA:183,15,1,0
BRDA:192,16,0,0
BRDA:192,16,1,0
BRDA:210,17,0,0
BRDA:210,17,1,0
BRDA:220,18,0,0
BRDA:220,18,1,0
BRDA:249,19,0,0
BRDA:249,19,1,0
BRDA:258,20,0,0
BRDA:258,20,1,0
BRDA:267,21,0,0
BRDA:267,21,1,0
BRF:43
BRH:0
end_of_record
TN:
SF:src/components/CommandPalette.js
FN:7,(anonymous_0)
FN:28,(anonymous_1)
FN:35,(anonymous_2)
FN:42,(anonymous_3)
FN:49,(anonymous_4)
FN:58,(anonymous_5)
FN:65,(anonymous_6)
FN:72,(anonymous_7)
FN:79,(anonymous_8)
FN:87,(anonymous_9)
FN:94,(anonymous_10)
FN:101,(anonymous_11)
FN:109,(anonymous_12)
FN:116,(anonymous_13)
FN:123,(anonymous_14)
FN:131,(anonymous_15)
FN:138,(anonymous_16)
FN:145,(anonymous_17)
FN:153,(anonymous_18)
FN:160,(anonymous_19)
FN:167,(anonymous_20)
FN:179,(anonymous_21)
FN:186,(anonymous_22)
FN:191,(anonymous_23)
FN:203,(anonymous_24)
FN:204,(anonymous_25)
FN:222,(anonymous_26)
FN:223,(anonymous_27)
FN:241,(anonymous_28)
FN:247,(anonymous_29)
FN:265,(anonymous_30)
FN:294,(anonymous_31)
FN:305,(anonymous_32)
FN:334,(anonymous_33)
FN:346,(anonymous_34)
FN:363,(anonymous_35)
FN:375,(anonymous_36)
FN:385,(anonymous_37)
FN:396,(anonymous_38)
FNF:39
FNH:0
FNDA:0,(anonymous_0)
FNDA:0,(anonymous_1)
FNDA:0,(anonymous_2)
FNDA:0,(anonymous_3)
FNDA:0,(anonymous_4)
FNDA:0,(anonymous_5)
FNDA:0,(anonymous_6)
FNDA:0,(anonymous_7)
FNDA:0,(anonymous_8)
FNDA:0,(anonymous_9)
FNDA:0,(anonymous_10)
FNDA:0,(anonymous_11)
FNDA:0,(anonymous_12)
FNDA:0,(anonymous_13)
FNDA:0,(anonymous_14)
FNDA:0,(anonymous_15)
FNDA:0,(anonymous_16)
FNDA:0,(anonymous_17)
FNDA:0,(anonymous_18)
FNDA:0,(anonymous_19)
FNDA:0,(anonymous_20)
FNDA:0,(anonymous_21)
FNDA:0,(anonymous_22)
FNDA:0,(anonymous_23)
FNDA:0,(anonymous_24)
FNDA:0,(anonymous_25)
FNDA:0,(anonymous_26)
FNDA:0,(anonymous_27)
FNDA:0,(anonymous_28)
FNDA:0,(anonymous_29)
FNDA:0,(anonymous_30)
FNDA:0,(anonymous_31)
FNDA:0,(anonymous_32)
FNDA:0,(anonymous_33)
FNDA:0,(anonymous_34)
FNDA:0,(anonymous_35)
FNDA:0,(anonymous_36)
FNDA:0,(anonymous_37)
FNDA:0,(anonymous_38)
DA:8,0
DA:9,0
DA:15,0
DA:16,0
DA:17,0
DA:18,0
DA:20,0
DA:21,0
DA:22,0
DA:30,0
DA:35,0
DA:38,0
DA:42,0
DA:45,0
DA:49,0
DA:53,0
DA:58,0
DA:61,0
DA:65,0
DA:68,0
DA:72,0
DA:75,0
DA:79,0
DA:83,0
DA:87,0
DA:90,0
DA:94,0
DA:97,0
DA:101,0
DA:105,0
DA:109,0
DA:112,0
DA:116,0
DA:119,0
DA:123,0
DA:127,0
DA:131,0
DA:134,0
DA:138,0
DA:141,0
DA:145,0
DA:149,0
DA:153,0
DA:156,0
DA:160,0
DA:168,0
DA:169,0
DA:170,0
DA:173,0
DA:180,0
DA:188,0
DA:189,0
DA:190,0
DA:191,0
DA:194,0
DA:195,0
DA:196,0
DA:199,0
DA:200,0
DA:201,0
DA:202,0
DA:203,0
DA:204,0
DA:207,0
DA:208,0
DA:211,0
DA:212,0
DA:215,0
DA:216,0
DA:223,0
DA:225,0
DA:226,0
DA:227,0
DA:231,0
DA:232,0
DA:233,0
DA:242,0
DA:244,0
DA:245,0
DA:247,0
DA:248,0
DA:249,0
DA:250,0
DA:251,0
DA:256,0
DA:258,0
DA:259,0
DA:266,0
DA:268,0
DA:269,0
DA:270,0
DA:271,0
DA:274,0
DA:275,0
DA:276,0
DA:277,0
DA:280,0
DA:281,0
DA:282,0
DA:285,0
DA:286,0
DA:287,0
DA:295,0
DA:297,0
DA:298,0
DA:299,0
DA:300,0
DA:301,0
DA:302,0
DA:305,0
DA:306,0
DA:307,0
DA:309,0
DA:310,0
DA:314,0
DA:315,0
DA:316,0
DA:319,0
DA:320,0
DA:321,0
DA:324,0
DA:325,0
DA:326,0
DA:327,0
DA:328,0
DA:331,0
DA:332,0
DA:334,0
DA:335,0
DA:336,0
DA:339,0
DA:347,0
DA:349,0
DA:350,0
DA:351,0
DA:352,0
DA:353,0
DA:355,0
DA:364,0
DA:365,0
DA:366,0
DA:367,0
DA:368,0
DA:369,0
DA:376,0
DA:377,0
DA:378,0
DA:379,0
DA:386,0
DA:387,0
DA:389,0
DA:397,0
DA:398,0
DA:400,0
DA:401,0
DA:403,0
LF:156
LH:0
BRDA:7,0,0,0
BRDA:10,1,0,0
BRDA:10,1,1,0
BRDA:11,2,0,0
BRDA:11,2,1,0
BRDA:168,3,0,0
BRDA:168,3,1,0
BRDA:168,4,0,0
BRDA:168,4,1,0
BRDA:168,4,2,0
BRDA:225,5,0,0
BRDA:225,5,1,0
BRDA:225,6,0,0
BRDA:225,6,1,0
BRDA:225,6,2,0
BRDA:225,6,3,0
BRDA:231,7,0,0
BRDA:231,7,1,0
BRDA:231,8,0,0
BRDA:231,8,1,0
BRDA:244,9,0,0
BRDA:244,9,1,0
BRDA:251,10,0,0
BRDA:251,10,1,0
BRDA:251,10,2,0
BRDA:266,11,0,0
BRDA:266,11,1,0
BRDA:266,11,2,0
BRDA:266,11,3,0
BRDA:297,12,0,0
BRDA:297,12,1,0
BRDA:309,13,0,0
BRDA:309,13,1,0
BRDA:321,14,0,0
BRDA:321,14,1,0
BRDA:324,15,0,0
BRDA:324,15,1,0
BRDA:349,16,0,0
BRDA:349,16,1,0
BRDA:386,17,0,0
BRDA:386,17,1,0
BRDA:397,18,0,0
BRDA:397,18,1,0
BRDA:397,19,0,0
BRDA:397,19,1,0
BRDA:400,20,0,0
BRDA:400,20,1,0
BRDA:400,21,0,0
BRDA:400,21,1,0
BRF:49
BRH:0
end_of_record
TN:
SF:src/components/DeployModal.js
FN:6,(anonymous_0)
FN:16,(anonymous_1)
FN:30,(anonymous_2)
FN:36,(anonymous_3)
FN:48,(anonymous_4)
FN:77,(anonymous_5)
FN:89,(anonymous_6)
FN:125,(anonymous_7)
FN:150,(anonymous_8)
FN:166,(anonymous_9)
FN:178,(anonymous_10)
FN:189,(anonymous_11)
FN:216,(anonymous_12)
FN:224,(anonymous_13)
FN:265,(anonymous_14)
FN:282,(anonymous_15)
FN:291,(anonymous_16)
FN:318,(anonymous_17)
FN:319,(anonymous_18)
FN:337,(anonymous_19)
FN:350,(anonymous_20)
FN:377,(anonymous_21)
FN:384,(anonymous_22)
FN:408,(anonymous_23)
FNF:24
FNH:0
FNDA:0,(anonymous_0)
FNDA:0,(anonymous_1)
FNDA:0,(anonymous_2)
FNDA:0,(anonymous_3)
FNDA:0,(anonymous_4)
FNDA:0,(anonymous_5)
FNDA:0,(anonymous_6)
FNDA:0,(anonymous_7)
FNDA:0,(anonymous_8)
FNDA:0,(anonymous_9)
FNDA:0,(anonymous_10)
FNDA:0,(anonymous_11)
FNDA:0,(anonymous_12)
FNDA:0,(anonymous_13)
FNDA:0,(anonymous_14)
FNDA:0,(anonymous_15)
FNDA:0,(anonymous_16)
FNDA:0,(anonymous_17)
FNDA:0,(anonymous_18)
FNDA:0,(anonymous_19)
FNDA:0,(anonymous_20)
FNDA:0,(anonymous_21)
FNDA:0,(anonymous_22)
FNDA:0,(anonymous_23)
DA:7,0
DA:8,0
DA:9,0
DA:17,0
DA:19,0
DA:20,0
DA:21,0
DA:24,0
DA:31,0
DA:33,0
DA:34,0
DA:36,0
DA:37,0
DA:38,0
DA:40,0
DA:41,0
DA:49,0
DA:50,0
DA:74,0
DA:77,0
DA:78,0
DA:79,0
DA:83,0
DA:90,0
DA:91,0
DA:93,0
DA:95,0
DA:96,0
DA:108,0
DA:126,0
DA:127,0
DA:151,0
DA:152,0
DA:154,0
DA:155,0
DA:156,0
DA:159,0
DA:160,0
DA:162,0
DA:164,0
DA:166,0
DA:167,0
DA:168,0
DA:171,0
DA:179,0
DA:180,0
DA:181,0
DA:182,0
DA:190,0
DA:191,0
DA:193,0
DA:195,0
DA:196,0
DA:197,0
DA:200,0
DA:217,0
DA:218,0
DA:225,0
DA:227,0
DA:228,0
DA:229,0
DA:232,0
DA:234,0
DA:235,0
DA:236,0
DA:239,0
DA:241,0
DA:244,0
DA:247,0
DA:250,0
DA:253,0
DA:254,0
DA:257,0
DA:258,0
DA:267,0
DA:268,0
DA:271,0
DA:274,0
DA:276,0
DA:283,0
DA:284,0
DA:285,0
DA:292,0
DA:293,0
DA:294,0
DA:296,0
DA:297,0
DA:298,0
DA:300,0
DA:301,0
DA:312,0
DA:319,0
DA:320,0
DA:321,0
DA:322,0
DA:324,0
DA:325,0
DA:328,0
DA:329,0
DA:338,0
DA:339,0
DA:340,0
DA:342,0
DA:343,0
DA:344,0
DA:351,0
DA:353,0
DA:354,0
DA:374,0
DA:375,0
DA:376,0
DA:377,0
DA:385,0
DA:386,0
DA:388,0
DA:389,0
DA:390,0
DA:393,0
DA:394,0
DA:395,0
DA:402,0
DA:409,0
DA:415,0
DA:420,0
DA:421,0
LF:125
LH:0
BRDA:16,0,0,0
BRDA:17,1,0,0
BRDA:17,1,1,0
BRDA:19,2,0,0
BRDA:19,2,1,0
BRDA:31,3,0,0
BRDA:31,3,1,0
BRDA:37,4,0,0
BRDA:37,4,1,0
BRDA:37,5,0,0
BRDA:37,5,1,0
BRDA:91,6,0,0
BRDA:91,6,1,0
BRDA:93,7,0,0
BRDA:93,7,1,0
BRDA:95,8,0,0
BRDA:95,8,1,0
BRDA:154,9,0,0
BRDA:154,9,1,0
BRDA:162,10,0,0
BRDA:162,10,1,0
BRDA:179,11,0,0
BRDA:179,11,1,0
BRDA:191,12,0,0
BRDA:191,12,1,0
BRDA:193,13,0,0
BRDA:193,13,1,0
BRDA:195,14,0,0
BRDA:195,14,1,0
BRDA:225,15,0,0
BRDA:225,15,1,0
BRDA:227,16,0,0
BRDA:227,16,1,0
BRDA:234,17,0,0
BRDA:234,17,1,0
BRDA:253,18,0,0
BRDA:253,18,1,0
BRDA:268,19,0,0
BRDA:268,19,1,0
BRDA:296,20,0,0
BRDA:296,20,1,0
BRDA:297,21,0,0
BRDA:297,21,1,0
BRDA:298,22,0,0
BRDA:298,22,1,0
BRDA:300,23,0,0
BRDA:300,23,1,0
BRDA:324,24,0,0
BRDA:324,24,1,0
BRDA:324,25,0,0
BRDA:324,25,1,0
BRDA:328,26,0,0
BRDA:328,26,1,0
BRDA:328,27,0,0
BRDA:328,27,1,0
BRDA:342,28,0,0
BRDA:342,28,1,0
BRDA:343,29,0,0
BRDA:343,29,1,0
BRDA:344,30,0,0
BRDA:344,30,1,0
BRDA:353,31,0,0
BRDA:353,31,1,0
BRDA:375,32,0,0
BRDA:375,32,1,0
BRDA:386,33,0,0
BRDA:386,33,1,0
BRDA:389,34,0,0
BRDA:389,34,1,0
BRDA:415,35,0,0
BRDA:415,35,1,0
BRDA:420,36,0,0
BRDA:420,36,1,0
BRF:73
BRH:0
end_of_record
TN:
SF:src/components/ProblemsPanel.js
FN:7,(anonymous_0)
FN:29,(anonymous_1)
FN:59,(anonymous_2)
FN:82,(anonymous_3)
FN:91,(anonymous_4)
FN:102,(anonymous_5)
FN:117,(anonymous_6)
FN:134,(anonymous_7)
FN:135,(anonymous_8)
FN:149,(anonymous_9)
FN:159,(anonymous_10)
FN:160,(anonymous_11)
FN:173,(anonymous_12)
FN:174,(anonymous_13)
FN:175,(anonymous_14)
FN:176,(anonymous_15)
FN:186,(anonymous_16)
FN:208,(anonymous_17)
FN:211,(anonymous_18)
FN:219,(anonymous_19)
FN:227,(anonymous_20)
FN:236,(anonymous_21)
FN:237,(anonymous_22)
FN:245,(anonymous_23)
FN:294,(anonymous_24)
FN:305,(anonymous_25)
FN:314,(anonymous_26)
FN:315,(anonymous_27)
FN:321,(anonymous_28)
FN:322,(anonymous_29)
FN:328,(anonymous_30)
FN:331,(anonymous_31)
FN:332,(anonymous_32)
FN:333,(anonymous_33)
FN:340,(anonymous_34)
FN:349,(anonymous_35)
FN:358,(anonymous_36)
FN:368,(anonymous_37)
FNF:38
FNH:0
FNDA:0,(anonymous_0)
FNDA:0,(anonymous_1)
FNDA:0,(anonymous_2)
FNDA:0,(anonymous_3)
FNDA:0,(anonymous_4)
FNDA:0,(anonymous_5)
FNDA:0,(anonymous_6)
FNDA:0,(anonymous_7)
FNDA:0,(anonymous_8)
FNDA:0,(anonymous_9)
FNDA:0,(anonymous_10)
FNDA:0,(anonymous_11)
FNDA:0,(anonymous_12)
FNDA:0,(anonymous_13)
FNDA:0,(anonymous_14)
FNDA:0,(anonymous_15)
FNDA:0,(anonymous_16)
FNDA:0,(anonymous_17)
FNDA:0,(anonymous_18)
FNDA:0,(anonymous_19)
FNDA:0,(anonymous_20)
FNDA:0,(anonymous_21)
FNDA:0,(anonymous_22)
FNDA:0,(anonymous_23)
FNDA:0,(anonymous_24)
FNDA:0,(anonymous_25)
FNDA:0,(anonymous_26)
FNDA:0,(anonymous_27)
FNDA:0,(anonymous_28)
FNDA:0,(anonymous_29)
FNDA:0,(anonymous_30)
FNDA:0,(anonymous_31)
FNDA:0,(anonymous_32)
FNDA:0,(anonymous_33)
FNDA:0,(anonymous_34)
FNDA:0,(anonymous_35)
FNDA:0,(anonymous_36)
FNDA:0,(anonymous_37)
DA:8,0
DA:9,0
DA:15,0
DA:16,0
DA:17,0
DA:23,0
DA:30,0
DA:31,0
DA:34,0
DA:35,0
DA:38,0
DA:39,0
DA:40,0
DA:43,0
DA:44,0
DA:47,0
DA:48,0
DA:49,0
DA:51,0
DA:52,0
DA:53,0
DA:56,0
DA:57,0
DA:58,0
DA:59,0
DA:61,0
DA:62,0
DA:63,0
DA:66,0
DA:67,0
DA:70,0
DA:71,0
DA:74,0
DA:75,0
DA:83,0
DA:84,0
DA:85,0
DA:91,0
DA:92,0
DA:93,0
DA:96,0
DA:103,0
DA:104,0
DA:105,0
DA:106,0
DA:107,0
DA:108,0
DA:111,0
DA:118,0
DA:119,0
DA:120,0
DA:124,0
DA:126,0
DA:127,0
DA:128,0
DA:135,0
DA:136,0
DA:137,0
DA:138,0
DA:142,0
DA:143,0
DA:150,0
DA:151,0
DA:152,0
DA:153,0
DA:160,0
DA:161,0
DA:162,0
DA:163,0
DA:164,0
DA:167,0
DA:174,0
DA:175,0
DA:176,0
DA:178,0
DA:179,0
DA:180,0
DA:187,0
DA:189,0
DA:190,0
DA:191,0
DA:192,0
DA:193,0
DA:194,0
DA:198,0
DA:199,0
DA:201,0
DA:209,0
DA:211,0
DA:212,0
DA:213,0
DA:214,0
DA:216,0
DA:219,0
DA:221,0
DA:222,0
DA:223,0
DA:224,0
DA:227,0
DA:228,0
DA:237,0
DA:238,0
DA:246,0
DA:247,0
DA:250,0
DA:251,0
DA:252,0
DA:255,0
DA:256,0
DA:259,0
DA:260,0
DA:261,0
DA:262,0
DA:265,0
DA:266,0
DA:267,0
DA:269,0
DA:270,0
DA:271,0
DA:273,0
DA:274,0
DA:277,0
DA:278,0
DA:282,0
DA:283,0
DA:284,0
DA:285,0
DA:286,0
DA:289,0
DA:292,0
DA:293,0
DA:294,0
DA:295,0
DA:299,0
DA:306,0
DA:307,0
DA:315,0
DA:322,0
DA:329,0
DA:331,0
DA:332,0
DA:333,0
DA:341,0
DA:342,0
DA:350,0
DA:351,0
DA:359,0
DA:360,0
DA:361,0
DA:369,0
DA:370,0
DA:372,0
DA:373,0
LF:153
LH:0
BRDA:7,0,0,0
BRDA:10,1,0,0
BRDA:10,1,1,0
BRDA:74,2,0,0
BRDA:74,2,1,0
BRDA:103,3,0,0
BRDA:103,3,1,0
BRDA:105,4,0,0
BRDA:105,4,1,0
BRDA:107,5,0,0
BRDA:107,5,1,0
BRDA:118,6,0,0
BRDA:118,6,1,0
BRDA:118,7,0,0
BRDA:118,7,1,0
BRDA:136,8,0,0
BRDA:136,8,1,0
BRDA:136,9,0,0
BRDA:136,9,1,0
BRDA:161,10,0,0
BRDA:161,10,1,0
BRDA:161,11,0,0
BRDA:161,11,1,0
BRDA:162,12,0,0
BRDA:162,12,1,0
BRDA:162,13,0,0
BRDA:162,13,1,0
BRDA:163,14,0,0
BRDA:163,14,1,0
BRDA:163,15,0,0
BRDA:163,15,1,0
BRDA:189,16,0,0
BRDA:189,16,1,0
BRDA:198,17,0,0
BRDA:198,17,1,0
BRDA:212,18,0,0
BRDA:212,18,1,0
BRDA:213,19,0,0
BRDA:213,19,1,0
BRDA:265,20,0,0
BRDA:265,20,1,0
BRDA:270,21,0,0
BRDA:270,21,1,0
BRDA:273,22,0,0
BRDA:273,22,1,0
BRDA:282,23,0,0
BRDA:282,23,1,0
BRDA:292,24,0,0
BRDA:292,24,1,0
BRDA:306,25,0,0
BRDA:306,25,1,0
BRDA:341,26,0,0
BRDA:341,26,1,0
BRDA:350,27,0,0
BRDA:350,27,1,0
BRDA:359,28,0,0
BRDA:359,28,1,0
BRDA:361,29,0,0
BRDA:361,29,1,0
BRDA:369,30,0,0
BRDA:369,30,1,0
BRDA:369,31,0,0
BRDA:369,31,1,0
BRF:63
BRH:0
end_of_record
TN:
SF:src/components/SEOPanel.js
FN:8,(anonymous_0)
FN:15,(anonymous_1)
FN:41,(anonymous_2)
FN:81,(anonymous_3)
FN:99,(anonymous_4)
FN:108,(anonymous_5)
FN:129,(anonymous_6)
FN:145,(anonymous_7)
FN:166,(anonymous_8)
FN:207,(anonymous_9)
FN:208,(anonymous_10)
FN:216,(anonymous_11)
FN:236,(anonymous_12)
FN:259,(anonymous_13)
FN:269,(anonymous_14)
FN:283,(anonymous_15)
FN:296,(anonymous_16)
FN:311,(anonymous_17)
FN:327,(anonymous_18)
FN:336,(anonymous_19)
FN:337,(anonymous_20)
FN:343,(anonymous_21)
FNF:22
FNH:0
FNDA:0,(anonymous_0)
FNDA:0,(anonymous_1)
FNDA:0,(anonymous_2)
FNDA:0,(anonymous_3)
FNDA:0,(anonymous_4)
FNDA:0,(anonymous_5)
FNDA:0,(anonymous_6)
FNDA:0,(anonymous_7)
FNDA:0,(anonymous_8)
FNDA:0,(anonymous_9)
FNDA:0,(anonymous_10)
FNDA:0,(anonymous_11)
FNDA:0,(anonymous_12)
FNDA:0,(anonymous_13)
FNDA:0,(anonymous_14)
FNDA:0,(anonymous_15)
FNDA:0,(anonymous_16)
FNDA:0,(anonymous_17)
FNDA:0,(anonymous_18)
FNDA:0,(anonymous_19)
FNDA:0,(anonymous_20)
FNDA:0,(anonymous_21)
DA:9,0
DA:16,0
DA:17,0
DA:20,0
DA:22,0
DA:23,0
DA:24,0
DA:34,0
DA:35,0
DA:42,0
DA:44,0
DA:81,0
DA:99,0
DA:108,0
DA:130,0
DA:146,0
DA:147,0
DA:148,0
DA:151,0
DA:152,0
DA:154,0
DA:155,0
DA:158,0
DA:159,0
DA:167,0
DA:168,0
DA:169,0
DA:205,0
DA:207,0
DA:208,0
DA:210,0
DA:217,0
DA:218,0
DA:219,0
DA:222,0
DA:224,0
DA:225,0
DA:226,0
DA:229,0
DA:237,0
DA:238,0
DA:239,0
DA:242,0
DA:244,0
DA:245,0
DA:249,0
DA:252,0
DA:260,0
DA:261,0
DA:262,0
DA:265,0
DA:267,0
DA:268,0
DA:269,0
DA:272,0
DA:273,0
DA:276,0
DA:284,0
DA:289,0
DA:290,0
DA:297,0
DA:298,0
DA:300,0
DA:305,0
DA:312,0
DA:317,0
DA:318,0
DA:321,0
DA:328,0
DA:329,0
DA:330,0
DA:337,0
DA:344,0
DA:345,0
DA:346,0
DA:352,0
DA:353,0
LF:77
LH:0
BRDA:15,0,0,0
BRDA:16,1,0,0
BRDA:16,1,1,0
BRDA:20,2,0,0
BRDA:20,2,1,0
BRDA:30,3,0,0
BRDA:30,3,1,0
BRDA:75,4,0,0
BRDA:75,4,1,0
BRDA:85,5,0,0
BRDA:85,5,1,0
BRDA:147,6,0,0
BRDA:147,6,1,0
BRDA:154,7,0,0
BRDA:154,7,1,0
BRDA:218,8,0,0
BRDA:218,8,1,0
BRDA:224,9,0,0
BRDA:224,9,1,0
BRDA:238,10,0,0
BRDA:238,10,1,0
BRDA:244,11,0,0
BRDA:244,11,1,0
BRDA:261,12,0,0
BRDA:261,12,1,0
BRDA:267,13,0,0
BRDA:267,13,1,0
BRDA:268,14,0,0
BRDA:268,14,1,0
BRDA:285,15,0,0
BRDA:285,15,1,0
BRDA:286,16,0,0
BRDA:286,16,1,0
BRDA:312,17,0,0
BRDA:312,17,1,0
BRDA:317,18,0,0
BRDA:317,18,1,0
BRDA:344,19,0,0
BRDA:344,19,1,0
BRF:39
BRH:0
end_of_record
TN:
SF:src/components/SnippetsLibrary.js
FN:7,(anonymous_0)
FN:18,(anonymous_1)
FN:320,(anonymous_2)
FN:339,(anonymous_3)
FN:346,(anonymous_4)
FN:353,(anonymous_5)
FN:360,(anonymous_6)
FN:362,(anonymous_7)
FN:375,(anonymous_8)
FN:394,(anonymous_9)
FN:402,(anonymous_10)
FN:409,(anonymous_11)
FN:418,(anonymous_12)
FN:429,(anonymous_13)
FNF:14
FNH:0
FNDA:0,(anonymous_0)
FNDA:0,(anonymous_1)
FNDA:0,(anonymous_2)
FNDA:0,(anonymous_3)
FNDA:0,(anonymous_4)
FNDA:0,(anonymous_5)
FNDA:0,(anonymous_6)
FNDA:0,(anonymous_7)
FNDA:0,(anonymous_8)
FNDA:0,(anonymous_9)
FNDA:0,(anonymous_10)
FNDA:0,(anonymous_11)
FNDA:0,(anonymous_12)
FNDA:0,(anonymous_13)
DA:8,0
DA:9,0
DA:10,0
DA:12,0
DA:20,0
DA:41,0
DA:55,0
DA:81,0
DA:97,0
DA:119,0
DA:139,0
DA:150,0
DA:164,0
DA:178,0
DA:191,0
DA:212,0
DA:223,0
DA:234,0
DA:245,0
DA:261,0
DA:279,0
DA:294,0
DA:321,0
DA:322,0
DA:323,0
DA:326,0
DA:329,0
DA:330,0
DA:331,0
DA:333,0
DA:340,0
DA:347,0
DA:354,0
DA:361,0
DA:362,0
DA:363,0
DA:376,0
DA:377,0
DA:378,0
DA:379,0
DA:383,0
DA:386,0
DA:388,0
DA:396,0
DA:403,0
DA:410,0
DA:411,0
DA:412,0
DA:415,0
DA:416,0
DA:417,0
DA:418,0
DA:419,0
DA:420,0
DA:430,0
DA:431,0
LF:56
LH:0
BRDA:321,0,0,0
BRDA:321,0,1,0
BRDA:321,1,0,0
BRDA:321,1,1,0
BRDA:329,2,0,0
BRDA:329,2,1,0
BRDA:330,3,0,0
BRDA:330,3,1,0
BRDA:347,4,0,0
BRDA:347,4,1,0
BRDA:364,5,0,0
BRDA:364,5,1,0
BRDA:364,5,2,0
BRDA:364,5,3,0
BRDA:377,6,0,0
BRDA:377,6,1,0
BRDA:411,7,0,0
BRDA:411,7,1,0
BRDA:415,8,0,0
BRDA:415,8,1,0
BRDA:417,9,0,0
BRDA:417,9,1,0
BRDA:419,10,0,0
BRDA:419,10,1,0
BRF:24
BRH:0
end_of_record
TN:
SF:src/components/fileLoader.js
FN:5,(anonymous_0)
FN:30,(anonymous_1)
FN:37,(anonymous_2)
FN:43,(anonymous_3)
FN:47,(anonymous_4)
FN:55,(anonymous_5)
FN:60,(anonymous_6)
FN:65,(anonymous_7)
FN:73,(anonymous_8)
FN:85,(anonymous_9)
FN:96,(anonymous_10)
FN:108,(anonymous_11)
FN:140,(anonymous_12)
FN:181,(anonymous_13)
FN:194,(anonymous_14)
FN:238,(anonymous_15)
FN:263,(anonymous_16)
FN:302,(anonymous_17)
FN:321,(anonymous_18)
FN:328,(anonymous_19)
FN:333,(anonymous_20)
FN:347,(anonymous_21)
FN:348,(anonymous_22)
FN:355,(anonymous_23)
FN:360,(anonymous_24)
FN:370,(anonymous_25)
FN:396,(anonymous_26)
FN:397,(anonymous_27)
FN:399,(anonymous_28)
FN:400,(anonymous_29)
FN:408,(anonymous_30)
FN:409,(anonymous_31)
FN:411,(anonymous_32)
FN:412,(anonymous_33)
FN:421,(anonymous_34)
FN:431,(anonymous_35)
FN:432,(anonymous_36)
FN:438,(anonymous_37)
FN:468,(anonymous_38)
FN:482,(anonymous_39)
FN:500,(anonymous_40)
FNF:41
FNH:37
FNDA:96,(anonymous_0)
FNDA:96,(anonymous_1)
FNDA:380,(anonymous_2)
FNDA:190,(anonymous_3)
FNDA:190,(anonymous_4)
FNDA:1,(anonymous_5)
FNDA:1,(anonymous_6)
FNDA:1,(anonymous_7)
FNDA:2,(anonymous_8)
FNDA:1,(anonymous_9)
FNDA:8,(anonymous_10)
FNDA:0,(anonymous_11)
FNDA:22,(anonymous_12)
FNDA:90,(anonymous_13)
FNDA:10,(anonymous_14)
FNDA:6,(anonymous_15)
FNDA:5,(anonymous_16)
FNDA:5,(anonymous_17)
FNDA:0,(anonymous_18)
FNDA:0,(anonymous_19)
FNDA:0,(anonymous_20)
FNDA:2,(anonymous_21)
FNDA:2,(anonymous_22)
FNDA:1,(anonymous_23)
FNDA:1,(anonymous_24)
FNDA:5,(anonymous_25)
FNDA:2,(anonymous_26)
FNDA:2,(anonymous_27)
FNDA:1,(anonymous_28)
FNDA:1,(anonymous_29)
FNDA:2,(anonymous_30)
FNDA:2,(anonymous_31)
FNDA:1,(anonymous_32)
FNDA:1,(anonymous_33)
FNDA:21,(anonymous_34)
FNDA:6,(anonymous_35)
FNDA:96,(anonymous_36)
FNDA:41,(anonymous_37)
FNDA:22,(anonymous_38)
FNDA:13,(anonymous_39)
FNDA:146,(anonymous_40)
DA:6,96
DA:24,96
DA:31,96
DA:32,96
DA:33,1
DA:37,95
DA:38,380
DA:39,380
DA:43,95
DA:44,190
DA:47,95
DA:48,190
DA:52,95
DA:56,1
DA:57,1
DA:61,1
DA:62,1
DA:66,1
DA:67,1
DA:74,2
DA:75,2
DA:77,2
DA:78,1
DA:86,1
DA:88,1
DA:89,2
DA:98,8
DA:99,8
DA:100,2
DA:101,2
DA:104,6
DA:106,6
DA:108,6
DA:109,0
DA:115,6
DA:117,2
DA:118,1
DA:120,1
DA:121,1
DA:123,1
DA:124,1
DA:126,1
DA:127,1
DA:129,1
DA:132,1
DA:133,1
DA:141,22
DA:142,22
DA:145,22
DA:146,3
DA:147,3
DA:151,19
DA:176,19
DA:178,52
DA:181,90
DA:183,52
DA:184,17
DA:188,2
DA:195,10
DA:196,10
DA:199,9
DA:200,1
DA:201,1
DA:205,8
DA:208,8
DA:210,8
DA:211,7
DA:212,7
DA:215,7
DA:216,1
DA:217,1
DA:218,1
DA:219,1
DA:223,0
DA:226,6
DA:230,1
DA:231,1
DA:239,6
DA:242,6
DA:245,6
DA:246,1
DA:247,1
DA:251,5
DA:252,5
DA:253,5
DA:254,5
DA:255,5
DA:257,5
DA:264,5
DA:267,5
DA:268,1
DA:269,1
DA:273,4
DA:276,4
DA:281,4
DA:282,3
DA:284,3
DA:285,3
DA:286,3
DA:287,3
DA:288,3
DA:289,3
DA:291,2
DA:293,1
DA:294,1
DA:303,5
DA:306,5
DA:307,5
DA:308,5
DA:309,5
DA:310,5
DA:313,5
DA:314,5
DA:315,5
DA:318,5
DA:319,5
DA:320,5
DA:321,5
DA:322,0
DA:323,0
DA:325,5
DA:328,5
DA:329,0
DA:330,0
DA:333,5
DA:334,0
DA:335,0
DA:339,5
DA:341,5
DA:348,2
DA:349,2
DA:350,2
DA:352,2
DA:353,2
DA:355,2
DA:356,1
DA:357,1
DA:360,2
DA:361,1
DA:362,1
DA:371,5
DA:372,5
DA:373,5
DA:390,5
DA:397,2
DA:398,2
DA:399,2
DA:400,2
DA:401,2
DA:409,2
DA:410,2
DA:411,2
DA:412,2
DA:413,2
DA:422,21
DA:432,96
DA:439,41
DA:440,1
DA:443,40
DA:444,8
DA:447,32
DA:448,0
DA:451,32
DA:452,3
DA:455,29
DA:456,4
DA:459,25
DA:460,1
DA:462,24
DA:470,22
DA:472,22
DA:473,21
DA:475,1
DA:484,13
DA:486,13
DA:487,12
DA:489,1
DA:493,13
DA:494,13
DA:501,146
DA:502,146
DA:509,146
DA:510,146
DA:513,146
DA:514,146
DA:517,146
DA:518,145
DA:523,1
LF:188
LH:179
BRDA:32,0,0,1
BRDA:32,0,1,95
BRDA:77,1,0,1
BRDA:77,1,1,1
BRDA:99,2,0,2
BRDA:99,2,1,6
BRDA:115,3,0,2
BRDA:115,3,1,1
BRDA:115,3,2,1
BRDA:115,3,3,1
BRDA:115,3,4,1
BRDA:145,4,0,3
BRDA:145,4,1,19
BRDA:183,5,0,17
BRDA:183,5,1,35
BRDA:183,6,0,52
BRDA:183,6,1,35
BRDA:199,7,0,1
BRDA:199,7,1,8
BRDA:205,8,0,8
BRDA:205,8,1,0
BRDA:210,9,0,7
BRDA:210,9,1,1
BRDA:215,10,0,1
BRDA:215,10,1,6
BRDA:217,11,0,1
BRDA:217,11,1,0
BRDA:242,12,0,6
BRDA:242,12,1,0
BRDA:245,13,0,1
BRDA:245,13,1,5
BRDA:267,14,0,1
BRDA:267,14,1,4
BRDA:273,15,0,4
BRDA:273,15,1,0
BRDA:281,16,0,3
BRDA:281,16,1,1
BRDA:439,17,0,1
BRDA:439,17,1,40
BRDA:439,18,0,41
BRDA:439,18,1,41
BRDA:443,19,0,8
BRDA:443,19,1,32
BRDA:447,20,0,0
BRDA:447,20,1,32
BRDA:451,21,0,3
BRDA:451,21,1,29
BRDA:455,22,0,4
BRDA:455,22,1,25
BRDA:459,23,0,1
BRDA:459,23,1,24
BRDA:472,24,0,21
BRDA:472,24,1,1
BRDA:486,25,0,12
BRDA:486,25,1,1
BRDA:509,26,0,146
BRDA:509,26,1,40
BRDA:517,27,0,145
BRDA:517,27,1,1
BRF:59
BRH:54
end_of_record
TN:
SF:src/components/htmlParser.js
FN:5,(anonymous_0)
FN:42,(anonymous_1)
FN:84,(anonymous_2)
FN:87,(anonymous_3)
FN:96,(anonymous_4)
FN:108,(anonymous_5)
FN:112,(anonymous_6)
FN:138,(anonymous_7)
FN:155,(anonymous_8)
FN:171,(anonymous_9)
FN:179,(anonymous_10)
FN:187,(anonymous_11)
FN:215,(anonymous_12)
FN:225,(anonymous_13)
FN:229,(anonymous_14)
FN:239,(anonymous_15)
FN:244,(anonymous_16)
FN:255,(anonymous_17)
FN:263,(anonymous_18)
FN:274,(anonymous_19)
FN:304,(anonymous_20)
FN:313,(anonymous_21)
FN:322,(anonymous_22)
FN:331,(anonymous_23)
FN:340,(anonymous_24)
FN:351,(anonymous_25)
FNF:26
FNH:25
FNDA:57,(anonymous_0)
FNDA:6,(anonymous_1)
FNDA:9,(anonymous_2)
FNDA:3,(anonymous_3)
FNDA:1,(anonymous_4)
FNDA:10,(anonymous_5)
FNDA:4,(anonymous_6)
FNDA:3,(anonymous_7)
FNDA:6,(anonymous_8)
FNDA:13,(anonymous_9)
FNDA:13,(anonymous_10)
FNDA:4,(anonymous_11)
FNDA:15,(anonymous_12)
FNDA:1,(anonymous_13)
FNDA:0,(anonymous_14)
FNDA:18,(anonymous_15)
FNDA:2,(anonymous_16)
FNDA:1,(anonymous_17)
FNDA:1,(anonymous_18)
FNDA:8,(anonymous_19)
FNDA:3,(anonymous_20)
FNDA:4,(anonymous_21)
FNDA:2,(anonymous_22)
FNDA:2,(anonymous_23)
FNDA:7,(anonymous_24)
FNDA:3,(anonymous_25)
DA:6,57
DA:35,57
DA:36,57
DA:43,6
DA:45,6
DA:46,6
DA:49,6
DA:52,6
DA:55,6
DA:56,6
DA:57,6
DA:60,6
DA:61,2
DA:62,2
DA:63,1
DA:65,1
DA:69,5
DA:72,5
DA:74,5
DA:77,0
DA:86,9
DA:87,9
DA:88,3
DA:89,3
DA:90,3
DA:91,3
DA:95,9
DA:96,9
DA:97,1
DA:98,1
DA:99,1
DA:100,1
DA:101,1
DA:109,10
DA:110,10
DA:112,10
DA:113,4
DA:115,1
DA:120,3
DA:122,3
DA:131,10
DA:132,4
DA:137,4
DA:138,3
DA:139,3
DA:140,3
DA:141,1
DA:143,2
DA:145,3
DA:146,3
DA:156,6
DA:157,6
DA:158,0
DA:161,6
DA:162,6
DA:163,6
DA:172,13
DA:173,13
DA:180,13
DA:181,13
DA:184,13
DA:187,13
DA:188,4
DA:189,3
DA:194,13
DA:195,13
DA:196,13
DA:199,13
DA:200,1
DA:204,13
DA:207,13
DA:209,13
DA:217,15
DA:218,14
DA:221,1
DA:224,1
DA:225,1
DA:228,1
DA:229,0
DA:230,0
DA:241,18
DA:242,18
DA:243,18
DA:244,18
DA:245,2
DA:246,2
DA:247,1
DA:249,1
DA:252,18
DA:255,18
DA:256,1
DA:257,1
DA:258,1
DA:263,18
DA:264,1
DA:265,1
DA:266,1
DA:275,8
DA:276,8
DA:279,8
DA:280,2
DA:284,6
DA:285,3
DA:289,3
DA:290,1
DA:294,2
DA:295,1
DA:298,1
DA:305,3
DA:306,3
DA:307,3
DA:314,4
DA:315,4
DA:316,4
DA:323,2
DA:324,2
DA:325,2
DA:332,2
DA:333,2
DA:334,2
DA:341,7
DA:342,6
DA:344,1
DA:352,3
DA:353,2
DA:355,1
DA:357,3
DA:362,1
DA:363,1
DA:367,1
LF:130
LH:126
BRDA:36,0,0,57
BRDA:36,0,1,56
BRDA:56,1,0,6
BRDA:56,1,1,0
BRDA:60,2,0,2
BRDA:60,2,1,4
BRDA:62,3,0,1
BRDA:62,3,1,1
BRDA:113,4,0,1
BRDA:113,4,1,3
BRDA:120,5,0,3
BRDA:120,5,1,0
BRDA:131,6,0,4
BRDA:131,6,1,6
BRDA:137,7,0,3
BRDA:137,7,1,1
BRDA:140,8,0,1
BRDA:140,8,1,2
BRDA:157,9,0,0
BRDA:157,9,1,6
BRDA:162,10,0,6
BRDA:162,10,1,0
BRDA:173,11,0,13
BRDA:173,11,1,8
BRDA:181,12,0,13
BRDA:181,12,1,1
BRDA:188,13,0,3
BRDA:188,13,1,1
BRDA:199,14,0,1
BRDA:199,14,1,12
BRDA:217,15,0,14
BRDA:217,15,1,1
BRDA:225,16,0,1
BRDA:225,16,1,0
BRDA:228,17,0,0
BRDA:228,17,1,1
BRDA:246,18,0,1
BRDA:246,18,1,1
BRDA:257,19,0,1
BRDA:257,19,1,0
BRDA:265,20,0,1
BRDA:265,20,1,0
BRDA:279,21,0,2
BRDA:279,21,1,6
BRDA:279,22,0,8
BRDA:279,22,1,7
BRDA:279,22,2,6
BRDA:284,23,0,3
BRDA:284,23,1,3
BRDA:284,24,0,6
BRDA:284,24,1,5
BRDA:284,24,2,4
BRDA:289,25,0,1
BRDA:289,25,1,2
BRDA:289,26,0,3
BRDA:289,26,1,2
BRDA:289,26,2,2
BRDA:294,27,0,1
BRDA:294,27,1,1
BRDA:294,28,0,2
BRDA:294,28,1,1
BRDA:341,29,0,6
BRDA:341,29,1,1
BRDA:352,30,0,2
BRDA:352,30,1,1
BRDA:362,31,0,1
BRDA:362,31,1,0
BRDA:362,32,0,1
BRDA:362,32,1,1
BRF:69
BRH:60
end_of_record
TN:
SF:src/components/mobileUI.js
FN:7,(anonymous_0)
FN:16,(anonymous_1)
FN:39,(anonymous_2)
FN:51,(anonymous_3)
FN:68,(anonymous_4)
FN:82,(anonymous_5)
FN:86,(anonymous_6)
FN:95,(anonymous_7)
FN:111,(anonymous_8)
FN:140,(anonymous_9)
FN:151,(anonymous_10)
FN:159,(anonymous_11)
FN:163,(anonymous_12)
FN:177,(anonymous_13)
FN:202,(anonymous_14)
FN:218,(anonymous_15)
FN:229,(anonymous_16)
FN:241,(anonymous_17)
FN:260,(anonymous_18)
FN:281,(anonymous_19)
FN:296,(anonymous_20)
FN:313,(anonymous_21)
FN:322,(anonymous_22)
FN:331,(anonymous_23)
FN:338,(anonymous_24)
FN:352,(anonymous_25)
FNF:26
FNH:0
FNDA:0,(anonymous_0)
FNDA:0,(anonymous_1)
FNDA:0,(anonymous_2)
FNDA:0,(anonymous_3)
FNDA:0,(anonymous_4)
FNDA:0,(anonymous_5)
FNDA:0,(anonymous_6)
FNDA:0,(anonymous_7)
FNDA:0,(anonymous_8)
FNDA:0,(anonymous_9)
FNDA:0,(anonymous_10)
FNDA:0,(anonymous_11)
FNDA:0,(anonymous_12)
FNDA:0,(anonymous_13)
FNDA:0,(anonymous_14)
FNDA:0,(anonymous_15)
FNDA:0,(anonymous_16)
FNDA:0,(anonymous_17)
FNDA:0,(anonymous_18)
FNDA:0,(anonymous_19)
FNDA:0,(anonymous_20)
FNDA:0,(anonymous_21)
FNDA:0,(anonymous_22)
FNDA:0,(anonymous_23)
FNDA:0,(anonymous_24)
FNDA:0,(anonymous_25)
DA:8,0
DA:9,0
DA:10,0
DA:11,0
DA:13,0
DA:17,0
DA:18,0
DA:19,0
DA:23,0
DA:24,0
DA:25,0
DA:26,0
DA:27,0
DA:28,0
DA:31,0
DA:33,0
DA:40,0
DA:41,0
DA:43,0
DA:45,0
DA:48,0
DA:49,0
DA:50,0
DA:51,0
DA:52,0
DA:55,0
DA:58,0
DA:60,0
DA:61,0
DA:69,0
DA:70,0
DA:73,0
DA:74,0
DA:75,0
DA:76,0
DA:79,0
DA:80,0
DA:82,0
DA:83,0
DA:86,0
DA:87,0
DA:88,0
DA:90,0
DA:91,0
DA:95,0
DA:96,0
DA:98,0
DA:100,0
DA:103,0
DA:112,0
DA:113,0
DA:114,0
DA:134,0
DA:141,0
DA:142,0
DA:145,0
DA:148,0
DA:149,0
DA:150,0
DA:151,0
DA:153,0
DA:161,0
DA:163,0
DA:164,0
DA:166,0
DA:167,0
DA:168,0
DA:169,0
DA:179,0
DA:180,0
DA:181,0
DA:182,0
DA:183,0
DA:186,0
DA:187,0
DA:188,0
DA:192,0
DA:193,0
DA:194,0
DA:195,0
DA:203,0
DA:204,0
DA:206,0
DA:207,0
DA:210,0
DA:211,0
DA:219,0
DA:220,0
DA:222,0
DA:223,0
DA:224,0
DA:227,0
DA:228,0
DA:229,0
DA:230,0
DA:233,0
DA:234,0
DA:242,0
DA:243,0
DA:245,0
DA:246,0
DA:247,0
DA:248,0
DA:251,0
DA:252,0
DA:253,0
DA:261,0
DA:262,0
DA:264,0
DA:266,0
DA:267,0
DA:270,0
DA:273,0
DA:274,0
DA:282,0
DA:283,0
DA:285,0
DA:288,0
DA:289,0
DA:297,0
DA:299,0
DA:302,0
DA:305,0
DA:314,0
DA:315,0
DA:323,0
DA:324,0
DA:332,0
DA:340,0
DA:341,0
DA:342,0
DA:346,0
DA:347,0
DA:348,0
DA:352,0
DA:353,0
DA:359,0
DA:360,0
LF:138
LH:0
BRDA:17,0,0,0
BRDA:17,0,1,0
BRDA:43,1,0,0
BRDA:43,1,1,0
BRDA:58,2,0,0
BRDA:58,2,1,0
BRDA:70,3,0,0
BRDA:70,3,1,0
BRDA:90,4,0,0
BRDA:90,4,1,0
BRDA:98,5,0,0
BRDA:98,5,1,0
BRDA:142,6,0,0
BRDA:142,6,1,0
BRDA:166,7,0,0
BRDA:166,7,1,0
BRDA:166,8,0,0
BRDA:166,8,1,0
BRDA:187,9,0,0
BRDA:187,9,1,0
BRDA:193,10,0,0
BRDA:193,10,1,0
BRDA:204,11,0,0
BRDA:204,11,1,0
BRDA:210,12,0,0
BRDA:210,12,1,0
BRDA:220,13,0,0
BRDA:220,13,1,0
BRDA:233,14,0,0
BRDA:233,14,1,0
BRDA:243,15,0,0
BRDA:243,15,1,0
BRDA:252,16,0,0
BRDA:252,16,1,0
BRDA:264,17,0,0
BRDA:264,17,1,0
BRDA:264,18,0,0
BRDA:264,18,1,0
BRDA:270,19,0,0
BRDA:270,19,1,0
BRDA:273,20,0,0
BRDA:273,20,1,0
BRDA:283,21,0,0
BRDA:283,21,1,0
BRDA:288,22,0,0
BRDA:288,22,1,0
BRDA:314,23,0,0
BRDA:314,23,1,0
BRDA:323,24,0,0
BRDA:323,24,1,0
BRDA:341,25,0,0
BRDA:341,25,1,0
BRDA:347,26,0,0
BRDA:347,26,1,0
BRDA:359,27,0,0
BRDA:359,27,1,0
BRF:56
BRH:0
end_of_record
TN:
SF:src/components/toolbarDropdown.js
FN:7,(anonymous_0)
FN:16,(anonymous_1)
FN:22,(anonymous_2)
FN:31,(anonymous_3)
FN:32,(anonymous_4)
FN:35,(anonymous_5)
FN:42,(anonymous_6)
FN:43,(anonymous_7)
FN:50,(anonymous_8)
FN:57,(anonymous_9)
FN:70,(anonymous_10)
FN:82,(anonymous_11)
FN:84,(anonymous_12)
FN:97,(anonymous_13)
FN:111,(anonymous_14)
FN:112,(anonymous_15)
FN:121,(anonymous_16)
FN:123,(anonymous_17)
FN:124,(anonymous_18)
FN:157,(anonymous_19)
FN:177,(anonymous_20)
FN:186,(anonymous_21)
FNF:22
FNH:0
FNDA:0,(anonymous_0)
FNDA:0,(anonymous_1)
FNDA:0,(anonymous_2)
FNDA:0,(anonymous_3)
FNDA:0,(anonymous_4)
FNDA:0,(anonymous_5)
FNDA:0,(anonymous_6)
FNDA:0,(anonymous_7)
FNDA:0,(anonymous_8)
FNDA:0,(anonymous_9)
FNDA:0,(anonymous_10)
FNDA:0,(anonymous_11)
FNDA:0,(anonymous_12)
FNDA:0,(anonymous_13)
FNDA:0,(anonymous_14)
FNDA:0,(anonymous_15)
FNDA:0,(anonymous_16)
FNDA:0,(anonymous_17)
FNDA:0,(anonymous_18)
FNDA:0,(anonymous_19)
FNDA:0,(anonymous_20)
FNDA:0,(anonymous_21)
DA:8,0
DA:9,0
DA:10,0
DA:17,0
DA:20,0
DA:22,0
DA:23,0
DA:24,0
DA:26,0
DA:28,0
DA:31,0
DA:32,0
DA:35,0
DA:36,0
DA:37,0
DA:41,0
DA:42,0
DA:43,0
DA:44,0
DA:50,0
DA:51,0
DA:52,0
DA:57,0
DA:58,0
DA:59,0
DA:64,0
DA:71,0
DA:72,0
DA:75,0
DA:76,0
DA:84,0
DA:85,0
DA:86,0
DA:87,0
DA:88,0
DA:98,0
DA:99,0
DA:100,0
DA:102,0
DA:103,0
DA:104,0
DA:112,0
DA:113,0
DA:115,0
DA:123,0
DA:124,0
DA:125,0
DA:126,0
DA:127,0
DA:130,0
DA:131,0
DA:132,0
DA:133,0
DA:135,0
DA:143,0
DA:144,0
DA:146,0
DA:147,0
DA:149,0
DA:150,0
DA:158,0
DA:159,0
DA:161,0
DA:162,0
DA:164,0
DA:167,0
DA:168,0
DA:170,0
DA:178,0
DA:179,0
DA:180,0
DA:185,0
DA:186,0
DA:187,0
DA:190,0
DA:194,0
DA:195,0
LF:77
LH:0
BRDA:26,0,0,0
BRDA:26,0,1,0
BRDA:26,1,0,0
BRDA:26,1,1,0
BRDA:51,2,0,0
BRDA:51,2,1,0
BRDA:58,3,0,0
BRDA:58,3,1,0
BRDA:71,4,0,0
BRDA:71,4,1,0
BRDA:71,5,0,0
BRDA:71,5,1,0
BRDA:85,6,0,0
BRDA:85,6,1,0
BRDA:87,7,0,0
BRDA:87,7,1,0
BRDA:98,8,0,0
BRDA:98,8,1,0
BRDA:125,9,0,0
BRDA:125,9,1,0
BRDA:125,10,0,0
BRDA:125,10,1,0
BRDA:131,11,0,0
BRDA:131,11,1,0
BRDA:132,12,0,0
BRDA:132,12,1,0
BRDA:146,13,0,0
BRDA:146,13,1,0
BRDA:149,14,0,0
BRDA:149,14,1,0
BRDA:159,15,0,0
BRDA:159,15,1,0
BRDA:161,16,0,0
BRDA:161,16,1,0
BRDA:167,17,0,0
BRDA:167,17,1,0
BRDA:185,18,0,0
BRDA:185,18,1,0
BRDA:194,19,0,0
BRDA:194,19,1,0
BRDA:194,20,0,0
BRDA:194,20,1,0
BRF:42
BRH:0
end_of_record
TN:
SF:src/components/aiGenerator/GeneratorModal.js
FN:9,(anonymous_0)
FN:18,(anonymous_1)
FN:54,(anonymous_2)
FN:122,(anonymous_3)
FN:124,(anonymous_4)
FN:131,(anonymous_5)
FN:134,(anonymous_6)
FN:135,(anonymous_7)
FN:138,(anonymous_8)
FN:144,(anonymous_9)
FN:147,(anonymous_10)
FN:150,(anonymous_11)
FN:151,(anonymous_12)
FN:157,(anonymous_13)
FN:177,(anonymous_14)
FN:222,(anonymous_15)
FN:249,(anonymous_16)
FN:263,(anonymous_17)
FN:285,(anonymous_18)
FN:288,(anonymous_19)
FN:299,(anonymous_20)
FN:310,(anonymous_21)
FN:320,(anonymous_22)
FN:329,(anonymous_23)
FN:349,(anonymous_24)
FN:369,(anonymous_25)
FN:389,(anonymous_26)
FN:396,(anonymous_27)
FNF:28
FNH:0
FNDA:0,(anonymous_0)
FNDA:0,(anonymous_1)
FNDA:0,(anonymous_2)
FNDA:0,(anonymous_3)
FNDA:0,(anonymous_4)
FNDA:0,(anonymous_5)
FNDA:0,(anonymous_6)
FNDA:0,(anonymous_7)
FNDA:0,(anonymous_8)
FNDA:0,(anonymous_9)
FNDA:0,(anonymous_10)
FNDA:0,(anonymous_11)
FNDA:0,(anonymous_12)
FNDA:0,(anonymous_13)
FNDA:0,(anonymous_14)
FNDA:0,(anonymous_15)
FNDA:0,(anonymous_16)
FNDA:0,(anonymous_17)
FNDA:0,(anonymous_18)
FNDA:0,(anonymous_19)
FNDA:0,(anonymous_20)
FNDA:0,(anonymous_21)
FNDA:0,(anonymous_22)
FNDA:0,(anonymous_23)
FNDA:0,(anonymous_24)
FNDA:0,(anonymous_25)
FNDA:0,(anonymous_26)
FNDA:0,(anonymous_27)
DA:10,0
DA:11,0
DA:12,0
DA:19,0
DA:20,0
DA:23,0
DA:25,0
DA:26,0
DA:27,0
DA:54,0
DA:115,0
DA:116,0
DA:124,0
DA:125,0
DA:126,0
DA:127,0
DA:130,0
DA:131,0
DA:134,0
DA:135,0
DA:136,0
DA:138,0
DA:139,0
DA:144,0
DA:147,0
DA:148,0
DA:150,0
DA:151,0
DA:158,0
DA:159,0
DA:161,0
DA:164,0
DA:165,0
DA:166,0
DA:168,0
DA:169,0
DA:170,0
DA:178,0
DA:180,0
DA:181,0
DA:182,0
DA:183,0
DA:186,0
DA:187,0
DA:194,0
DA:195,0
DA:197,0
DA:198,0
DA:200,0
DA:201,0
DA:202,0
DA:204,0
DA:205,0
DA:208,0
DA:211,0
DA:212,0
DA:213,0
DA:215,0
DA:223,0
DA:225,0
DA:226,0
DA:228,0
DA:229,0
DA:234,0
DA:235,0
DA:238,0
DA:239,0
DA:241,0
DA:242,0
DA:250,0
DA:251,0
DA:252,0
DA:263,0
DA:283,0
DA:285,0
DA:286,0
DA:288,0
DA:289,0
DA:293,0
DA:300,0
DA:301,0
DA:302,0
DA:303,0
DA:311,0
DA:312,0
DA:313,0
DA:314,0
DA:321,0
DA:322,0
DA:323,0
DA:330,0
DA:331,0
DA:332,0
DA:335,0
DA:336,0
DA:339,0
DA:342,0
DA:343,0
DA:350,0
DA:352,0
DA:353,0
DA:354,0
DA:355,0
DA:359,0
DA:360,0
DA:361,0
DA:363,0
DA:365,0
DA:366,0
DA:369,0
DA:370,0
DA:371,0
DA:372,0
DA:376,0
DA:378,0
DA:379,0
DA:382,0
DA:390,0
DA:397,0
DA:398,0
DA:399,0
DA:401,0
DA:402,0
DA:403,0
DA:408,0
DA:409,0
LF:126
LH:0
BRDA:19,0,0,0
BRDA:19,0,1,0
BRDA:55,1,0,0
BRDA:55,1,1,0
BRDA:164,2,0,0
BRDA:164,2,1,0
BRDA:170,3,0,0
BRDA:170,3,1,0
BRDA:178,4,0,0
BRDA:178,4,1,0
BRDA:181,5,0,0
BRDA:181,5,1,0
BRDA:200,6,0,0
BRDA:200,6,1,0
BRDA:204,7,0,0
BRDA:204,7,1,0
BRDA:223,8,0,0
BRDA:223,8,1,0
BRDA:223,9,0,0
BRDA:223,9,1,0
BRDA:234,10,0,0
BRDA:234,10,1,0
BRDA:300,11,0,0
BRDA:300,11,1,0
BRDA:300,12,0,0
BRDA:300,12,1,0
BRDA:342,13,0,0
BRDA:342,13,1,0
BRDA:350,14,0,0
BRDA:350,14,1,0
BRDA:353,15,0,0
BRDA:353,15,1,0
BRDA:363,16,0,0
BRDA:363,16,1,0
BRDA:371,17,0,0
BRDA:371,17,1,0
BRDA:378,18,0,0
BRDA:378,18,1,0
BRDA:397,19,0,0
BRDA:397,19,1,0
BRF:40
BRH:0
end_of_record
TN:
SF:src/components/layers/LayersPanel.js
FN:7,(anonymous_0)
FN:17,(anonymous_1)
FN:26,(anonymous_2)
FN:75,(anonymous_3)
FN:77,(anonymous_4)
FN:81,(anonymous_5)
FN:85,(anonymous_6)
FN:90,(anonymous_7)
FN:95,(anonymous_8)
FN:99,(anonymous_9)
FN:103,(anonymous_10)
FN:107,(anonymous_11)
FN:111,(anonymous_12)
FN:115,(anonymous_13)
FN:119,(anonymous_14)
FN:123,(anonymous_15)
FN:131,(anonymous_16)
FN:150,(anonymous_17)
FN:153,(anonymous_18)
FN:170,(anonymous_19)
FN:222,(anonymous_20)
FN:225,(anonymous_21)
FN:241,(anonymous_22)
FN:249,(anonymous_23)
FN:258,(anonymous_24)
FN:259,(anonymous_25)
FN:269,(anonymous_26)
FN:275,(anonymous_27)
FN:281,(anonymous_28)
FN:290,(anonymous_29)
FN:305,(anonymous_30)
FN:341,(anonymous_31)
FN:354,(anonymous_32)
FN:363,(anonymous_33)
FN:375,(anonymous_34)
FN:378,(anonymous_35)
FN:393,(anonymous_36)
FN:412,(anonymous_37)
FN:429,(anonymous_38)
FN:430,(anonymous_39)
FN:438,(anonymous_40)
FN:478,(anonymous_41)
FN:487,(anonymous_42)
FN:495,(anonymous_43)
FN:496,(anonymous_44)
FN:506,(anonymous_45)
FN:507,(anonymous_46)
FN:517,(anonymous_47)
FN:520,(anonymous_48)
FN:528,(anonymous_49)
FN:543,(anonymous_50)
FNF:51
FNH:0
FNDA:0,(anonymous_0)
FNDA:0,(anonymous_1)
FNDA:0,(anonymous_2)
FNDA:0,(anonymous_3)
FNDA:0,(anonymous_4)
FNDA:0,(anonymous_5)
FNDA:0,(anonymous_6)
FNDA:0,(anonymous_7)
FNDA:0,(anonymous_8)
FNDA:0,(anonymous_9)
FNDA:0,(anonymous_10)
FNDA:0,(anonymous_11)
FNDA:0,(anonymous_12)
FNDA:0,(anonymous_13)
FNDA:0,(anonymous_14)
FNDA:0,(anonymous_15)
FNDA:0,(anonymous_16)
FNDA:0,(anonymous_17)
FNDA:0,(anonymous_18)
FNDA:0,(anonymous_19)
FNDA:0,(anonymous_20)
FNDA:0,(anonymous_21)
FNDA:0,(anonymous_22)
FNDA:0,(anonymous_23)
FNDA:0,(anonymous_24)
FNDA:0,(anonymous_25)
FNDA:0,(anonymous_26)
FNDA:0,(anonymous_27)
FNDA:0,(anonymous_28)
FNDA:0,(anonymous_29)
FNDA:0,(anonymous_30)
FNDA:0,(anonymous_31)
FNDA:0,(anonymous_32)
FNDA:0,(anonymous_33)
FNDA:0,(anonymous_34)
FNDA:0,(anonymous_35)
FNDA:0,(anonymous_36)
FNDA:0,(anonymous_37)
FNDA:0,(anonymous_38)
FNDA:0,(anonymous_39)
FNDA:0,(anonymous_40)
FNDA:0,(anonymous_41)
FNDA:0,(anonymous_42)
FNDA:0,(anonymous_43)
FNDA:0,(anonymous_44)
FNDA:0,(anonymous_45)
FNDA:0,(anonymous_46)
FNDA:0,(anonymous_47)
FNDA:0,(anonymous_48)
FNDA:0,(anonymous_49)
FNDA:0,(anonymous_50)
DA:8,0
DA:9,0
DA:10,0
DA:11,0
DA:12,0
DA:14,0
DA:18,0
DA:19,0
DA:20,0
DA:28,0
DA:30,0
DA:32,0
DA:33,0
DA:34,0
DA:37,0
DA:38,0
DA:39,0
DA:43,0
DA:68,0
DA:69,0
DA:77,0
DA:78,0
DA:81,0
DA:82,0
DA:85,0
DA:86,0
DA:90,0
DA:91,0
DA:95,0
DA:96,0
DA:99,0
DA:100,0
DA:103,0
DA:104,0
DA:107,0
DA:108,0
DA:111,0
DA:112,0
DA:115,0
DA:116,0
DA:119,0
DA:120,0
DA:123,0
DA:124,0
DA:132,0
DA:134,0
DA:136,0
DA:137,0
DA:139,0
DA:143,0
DA:144,0
DA:151,0
DA:153,0
DA:154,0
DA:155,0
DA:158,0
DA:159,0
DA:160,0
DA:161,0
DA:171,0
DA:172,0
DA:173,0
DA:174,0
DA:176,0
DA:177,0
DA:180,0
DA:182,0
DA:214,0
DA:216,0
DA:224,0
DA:225,0
DA:226,0
DA:227,0
DA:230,0
DA:232,0
DA:235,0
DA:240,0
DA:241,0
DA:242,0
DA:243,0
DA:247,0
DA:248,0
DA:249,0
DA:250,0
DA:251,0
DA:252,0
DA:257,0
DA:258,0
DA:259,0
DA:260,0
DA:261,0
DA:262,0
DA:263,0
DA:268,0
DA:269,0
DA:270,0
DA:271,0
DA:272,0
DA:275,0
DA:276,0
DA:277,0
DA:278,0
DA:281,0
DA:282,0
DA:283,0
DA:285,0
DA:286,0
DA:290,0
DA:291,0
DA:293,0
DA:294,0
DA:295,0
DA:298,0
DA:306,0
DA:307,0
DA:309,0
DA:311,0
DA:312,0
DA:314,0
DA:316,0
DA:319,0
DA:320,0
DA:322,0
DA:324,0
DA:327,0
DA:328,0
DA:331,0
DA:332,0
DA:334,0
DA:342,0
DA:343,0
DA:345,0
DA:346,0
DA:347,0
DA:348,0
DA:350,0
DA:351,0
DA:352,0
DA:354,0
DA:355,0
DA:356,0
DA:357,0
DA:359,0
DA:362,0
DA:363,0
DA:364,0
DA:365,0
DA:366,0
DA:367,0
DA:376,0
DA:378,0
DA:379,0
DA:380,0
DA:382,0
DA:383,0
DA:385,0
DA:394,0
DA:396,0
DA:397,0
DA:398,0
DA:400,0
DA:401,0
DA:402,0
DA:403,0
DA:405,0
DA:413,0
DA:414,0
DA:415,0
DA:417,0
DA:418,0
DA:419,0
DA:420,0
DA:422,0
DA:430,0
DA:431,0
DA:439,0
DA:472,0
DA:479,0
DA:480,0
DA:481,0
DA:488,0
DA:489,0
DA:496,0
DA:497,0
DA:498,0
DA:500,0
DA:507,0
DA:508,0
DA:509,0
DA:511,0
DA:518,0
DA:520,0
DA:521,0
DA:523,0
DA:526,0
DA:528,0
DA:529,0
DA:530,0
DA:532,0
DA:533,0
DA:535,0
DA:544,0
DA:545,0
DA:551,0
DA:552,0
DA:555,0
LF:206
LH:0
BRDA:30,0,0,0
BRDA:30,0,1,0
BRDA:38,1,0,0
BRDA:38,1,1,0
BRDA:132,2,0,0
BRDA:132,2,1,0
BRDA:136,3,0,0
BRDA:136,3,1,0
BRDA:136,4,0,0
BRDA:136,4,1,0
BRDA:136,4,2,0
BRDA:151,5,0,0
BRDA:151,5,1,0
BRDA:151,6,0,0
BRDA:151,6,1,0
BRDA:158,7,0,0
BRDA:158,7,1,0
BRDA:158,8,0,0
BRDA:158,8,1,0
BRDA:158,8,2,0
BRDA:160,9,0,0
BRDA:160,9,1,0
BRDA:176,10,0,0
BRDA:176,10,1,0
BRDA:183,11,0,0
BRDA:183,11,1,0
BRDA:183,12,0,0
BRDA:183,12,1,0
BRDA:183,13,0,0
BRDA:183,13,1,0
BRDA:185,14,0,0
BRDA:185,14,1,0
BRDA:187,15,0,0
BRDA:187,15,1,0
BRDA:188,16,0,0
BRDA:188,16,1,0
BRDA:196,17,0,0
BRDA:196,17,1,0
BRDA:197,18,0,0
BRDA:197,18,1,0
BRDA:199,19,0,0
BRDA:199,19,1,0
BRDA:200,20,0,0
BRDA:200,20,1,0
BRDA:210,21,0,0
BRDA:210,21,1,0
BRDA:226,22,0,0
BRDA:226,22,1,0
BRDA:226,23,0,0
BRDA:226,23,1,0
BRDA:230,24,0,0
BRDA:230,24,1,0
BRDA:230,25,0,0
BRDA:230,25,1,0
BRDA:248,26,0,0
BRDA:248,26,1,0
BRDA:285,27,0,0
BRDA:285,27,1,0
BRDA:285,28,0,0
BRDA:285,28,1,0
BRDA:293,29,0,0
BRDA:293,29,1,0
BRDA:293,30,0,0
BRDA:293,30,1,0
BRDA:307,31,0,0
BRDA:307,31,1,0
BRDA:309,32,0,0
BRDA:309,32,1,0
BRDA:309,32,2,0
BRDA:309,32,3,0
BRDA:311,33,0,0
BRDA:311,33,1,0
BRDA:319,34,0,0
BRDA:319,34,1,0
BRDA:331,35,0,0
BRDA:331,35,1,0
BRDA:343,36,0,0
BRDA:343,36,1,0
BRDA:343,37,0,0
BRDA:343,37,1,0
BRDA:356,38,0,0
BRDA:356,38,1,0
BRDA:356,39,0,0
BRDA:356,39,1,0
BRDA:364,40,0,0
BRDA:364,40,1,0
BRDA:366,41,0,0
BRDA:366,41,1,0
BRDA:382,42,0,0
BRDA:382,42,1,0
BRDA:382,43,0,0
BRDA:382,43,1,0
BRDA:400,44,0,0
BRDA:400,44,1,0
BRDA:402,45,0,0
BRDA:402,45,1,0
BRDA:417,46,0,0
BRDA:417,46,1,0
BRDA:419,47,0,0
BRDA:419,47,1,0
BRDA:472,48,0,0
BRDA:472,48,1,0
BRDA:518,49,0,0
BRDA:518,49,1,0
BRDA:532,50,0,0
BRDA:532,50,1,0
BRDA:532,51,0,0
BRDA:532,51,1,0
BRDA:544,52,0,0
BRDA:544,52,1,0
BRDA:551,53,0,0
BRDA:551,53,1,0
BRDA:551,54,0,0
BRDA:551,54,1,0
BRF:114
BRH:0
end_of_record
TN:
SF:src/core/aiCodeGenerator.js
FN:6,(anonymous_0)
FN:20,(anonymous_1)
FN:28,(anonymous_2)
FN:40,(anonymous_3)
FN:53,(anonymous_4)
FN:63,(anonymous_5)
FN:85,(anonymous_6)
FN:107,(anonymous_7)
FN:137,(anonymous_8)
FN:175,(anonymous_9)
FN:217,(anonymous_10)
FN:240,(anonymous_11)
FN:285,(anonymous_12)
FN:299,(anonymous_13)
FN:321,(anonymous_14)
FN:351,(anonymous_15)
FN:402,(anonymous_16)
FN:421,(anonymous_17)
FN:456,(anonymous_18)
FN:507,(anonymous_19)
FN:531,(anonymous_20)
FN:555,(anonymous_21)
FN:556,(anonymous_22)
FN:557,(anonymous_23)
FN:575,(anonymous_24)
FN:585,(anonymous_25)
FN:615,(anonymous_26)
FN:640,(anonymous_27)
FN:641,(anonymous_28)
FN:661,(anonymous_29)
FN:668,(anonymous_30)
FN:707,(anonymous_31)
FN:730,(anonymous_32)
FN:786,(anonymous_33)
FN:831,(anonymous_34)
FN:851,(anonymous_35)
FN:860,(anonymous_36)
[...]
FN:528,(anonymous_12)
FN:529,(anonymous_13)
FN:532,(anonymous_14)
FN:539,(anonymous_15)
FN:549,(anonymous_16)
FN:554,(anonymous_17)
FN:561,(anonymous_18)
FN:568,(anonymous_19)
FN:574,(anonymous_20)
FN:580,(anonymous_21)
FN:586,(anonymous_22)
FN:598,(anonymous_23)
FN:611,(anonymous_24)
FN:641,(anonymous_25)
FN:644,(anonymous_26)
FN:700,(anonymous_27)
FN:711,(anonymous_28)
FN:713,(anonymous_29)
FN:723,(anonymous_30)
FN:729,(anonymous_31)
FN:737,(anonymous_32)
FN:747,(anonymous_33)
FN:760,(anonymous_34)
FN:773,(anonymous_35)
FN:779,(anonymous_36)
FN:785,(anonymous_37)
FN:793,(anonymous_38)
FN:797,(anonymous_39)
FN:813,(anonymous_40)
FN:814,(anonymous_41)
FN:823,(anonymous_42)
FN:836,(anonymous_43)
FN:845,(anonymous_44)
FN:857,(anonymous_45)
FN:888,(anonymous_46)
FN:912,(anonymous_47)
FN:923,(anonymous_48)
FN:965,(anonymous_49)
FN:1006,(anonymous_50)
FN:1024,(anonymous_51)
FN:1047,(anonymous_52)
FN:1055,(anonymous_53)
FNF:54
FNH:0
FNDA:0,(anonymous_0)
FNDA:0,(anonymous_1)
FNDA:0,(anonymous_2)
FNDA:0,(anonymous_3)
FNDA:0,(anonymous_4)
FNDA:0,(anonymous_5)
FNDA:0,(anonymous_6)
FNDA:0,(anonymous_7)
FNDA:0,(anonymous_8)
FNDA:0,(anonymous_9)
FNDA:0,(anonymous_10)
FNDA:0,(anonymous_11)
FNDA:0,(anonymous_12)
FNDA:0,(anonymous_13)
FNDA:0,(anonymous_14)
FNDA:0,(anonymous_15)
FNDA:0,(anonymous_16)
FNDA:0,(anonymous_17)
FNDA:0,(anonymous_18)
FNDA:0,(anonymous_19)
FNDA:0,(anonymous_20)
FNDA:0,(anonymous_21)
FNDA:0,(anonymous_22)
FNDA:0,(anonymous_23)
FNDA:0,(anonymous_24)
FNDA:0,(anonymous_25)
FNDA:0,(anonymous_26)
FNDA:0,(anonymous_27)
FNDA:0,(anonymous_28)
FNDA:0,(anonymous_29)
FNDA:0,(anonymous_30)
FNDA:0,(anonymous_31)
FNDA:0,(anonymous_32)
FNDA:0,(anonymous_33)
FNDA:0,(anonymous_34)
FNDA:0,(anonymous_35)
FNDA:0,(anonymous_36)
FNDA:0,(anonymous_37)
FNDA:0,(anonymous_38)
FNDA:0,(anonymous_39)
FNDA:0,(anonymous_40)
FNDA:0,(anonymous_41)
FNDA:0,(anonymous_42)
FNDA:0,(anonymous_43)
FNDA:0,(anonymous_44)
FNDA:0,(anonymous_45)
FNDA:0,(anonymous_46)
FNDA:0,(anonymous_47)
FNDA:0,(anonymous_48)
FNDA:0,(anonymous_49)
FNDA:0,(anonymous_50)
FNDA:0,(anonymous_51)
FNDA:0,(anonymous_52)
FNDA:0,(anonymous_53)
DA:10,0
DA:11,0
DA:12,0
DA:22,0
DA:30,0
DA:38,0
DA:39,0
DA:40,0
DA:41,0
DA:42,0
DA:44,0
DA:45,0
DA:49,0
DA:52,0
DA:55,0
DA:57,0
DA:65,0
DA:66,0
DA:67,0
DA:71,0
DA:72,0
DA:73,0
DA:74,0
DA:130,0
DA:133,0
DA:134,0
DA:141,0
DA:142,0
DA:144,0
DA:145,0
DA:146,0
DA:478,0
DA:486,0
DA:487,0
DA:488,0
DA:492,0
DA:493,0
DA:494,0
DA:495,0
DA:496,0
DA:501,0
DA:502,0
DA:503,0
DA:504,0
DA:505,0
DA:506,0
DA:507,0
DA:508,0
DA:514,0
DA:515,0
DA:516,0
DA:517,0
DA:518,0
DA:519,0
DA:525,0
DA:526,0
DA:527,0
DA:528,0
DA:529,0
DA:532,0
DA:533,0
DA:534,0
DA:539,0
DA:540,0
DA:541,0
DA:550,0
DA:552,0
DA:554,0
DA:555,0
DA:556,0
DA:558,0
DA:561,0
DA:562,0
DA:563,0
DA:565,0
DA:568,0
DA:569,0
DA:571,0
DA:574,0
DA:575,0
DA:577,0
DA:580,0
DA:581,0
DA:583,0
DA:586,0
DA:587,0
DA:589,0
DA:592,0
DA:599,0
DA:600,0
DA:602,0
DA:603,0
DA:604,0
DA:613,0
DA:615,0
DA:616,0
DA:619,0
DA:621,0
DA:622,0
DA:623,0
DA:624,0
DA:628,0
DA:629,0
DA:630,0
DA:633,0
DA:634,0
DA:635,0
DA:643,0
DA:644,0
DA:645,0
DA:647,0
DA:651,0
DA:652,0
DA:653,0
DA:655,0
DA:656,0
DA:660,0
DA:661,0
DA:664,0
DA:665,0
DA:666,0
DA:667,0
DA:669,0
DA:670,0
DA:671,0
DA:674,0
DA:676,0
DA:691,0
DA:693,0
DA:696,0
DA:697,0
DA:698,0
DA:700,0
DA:701,0
DA:704,0
DA:713,0
DA:714,0
DA:715,0
DA:718,0
DA:719,0
DA:723,0
DA:724,0
DA:725,0
DA:729,0
DA:730,0
DA:731,0
DA:735,0
DA:736,0
DA:737,0
DA:738,0
DA:739,0
DA:740,0
DA:745,0
DA:746,0
DA:747,0
DA:748,0
DA:749,0
DA:750,0
DA:752,0
DA:758,0
DA:759,0
DA:760,0
DA:761,0
DA:762,0
DA:763,0
DA:765,0
DA:771,0
DA:773,0
DA:774,0
DA:775,0
DA:776,0
DA:779,0
DA:780,0
DA:781,0
DA:782,0
DA:785,0
DA:786,0
DA:787,0
DA:788,0
DA:789,0
DA:793,0
DA:794,0
DA:797,0
DA:798,0
DA:799,0
DA:800,0
DA:806,0
DA:814,0
DA:815,0
DA:817,0
DA:824,0
DA:825,0
DA:827,0
DA:828,0
DA:829,0
DA:830,0
DA:832,0
DA:833,0
DA:834,0
DA:836,0
DA:837,0
DA:838,0
DA:839,0
DA:841,0
DA:844,0
DA:845,0
DA:846,0
DA:847,0
DA:848,0
DA:849,0
DA:858,0
DA:860,0
DA:861,0
DA:862,0
DA:863,0
DA:865,0
DA:888,0
DA:889,0
DA:890,0
DA:891,0
DA:892,0
DA:896,0
DA:897,0
DA:900,0
DA:901,0
DA:902,0
DA:904,0
DA:905,0
DA:913,0
DA:914,0
DA:915,0
DA:917,0
DA:924,0
DA:926,0
DA:927,0
DA:930,0
DA:931,0
DA:932,0
DA:934,0
DA:937,0
DA:938,0
DA:941,0
DA:942,0
DA:944,0
DA:946,0
DA:949,0
DA:950,0
DA:952,0
DA:954,0
DA:957,0
DA:958,0
DA:966,0
DA:1000,0
DA:1007,0
DA:1008,0
DA:1010,0
DA:1011,0
DA:1014,0
DA:1015,0
DA:1025,0
DA:1026,0
DA:1029,0
DA:1030,0
DA:1031,0
DA:1037,0
DA:1038,0
DA:1042,0
DA:1045,0
DA:1046,0
DA:1047,0
DA:1049,0
DA:1050,0
DA:1055,0
DA:1056,0
DA:1057,0
LF:275
LH:0
BRDA:9,0,0,0
BRDA:38,1,0,0
BRDA:38,1,1,0
BRDA:40,2,0,0
BRDA:40,2,1,0
BRDA:66,3,0,0
BRDA:66,3,1,0
BRDA:87,4,0,0
BRDA:87,4,1,0
BRDA:94,5,0,0
BRDA:94,5,1,0
BRDA:133,6,0,0
BRDA:133,6,1,0
BRDA:142,7,0,0
BRDA:142,7,1,0
BRDA:487,8,0,0
BRDA:487,8,1,0
BRDA:493,9,0,0
BRDA:493,9,1,0
BRDA:502,10,0,0
BRDA:502,10,1,0
BRDA:505,11,0,0
BRDA:505,11,1,0
BRDA:515,12,0,0
BRDA:515,12,1,0
BRDA:518,13,0,0
BRDA:518,13,1,0
BRDA:533,14,0,0
BRDA:533,14,1,0
BRDA:540,15,0,0
BRDA:540,15,1,0
BRDA:552,16,0,0
BRDA:552,16,1,0
BRDA:552,16,2,0
BRDA:552,16,3,0
BRDA:552,16,4,0
BRDA:552,16,5,0
BRDA:603,17,0,0
BRDA:603,17,1,0
BRDA:604,18,0,0
BRDA:604,18,1,0
BRDA:616,19,0,0
BRDA:616,19,1,0
BRDA:621,20,0,0
BRDA:621,20,1,0
BRDA:621,21,0,0
BRDA:621,21,1,0
BRDA:621,21,2,0
BRDA:643,22,0,0
BRDA:643,22,1,0
BRDA:643,23,0,0
BRDA:643,23,1,0
BRDA:651,24,0,0
BRDA:651,24,1,0
BRDA:653,25,0,0
BRDA:653,25,1,0
BRDA:655,26,0,0
BRDA:655,26,1,0
BRDA:655,27,0,0
BRDA:655,27,1,0
BRDA:655,27,2,0
BRDA:660,28,0,0
BRDA:660,28,1,0
BRDA:669,29,0,0
BRDA:669,29,1,0
BRDA:670,30,0,0
BRDA:670,30,1,0
BRDA:671,31,0,0
BRDA:671,31,1,0
BRDA:677,32,0,0
BRDA:677,32,1,0
BRDA:677,33,0,0
BRDA:677,33,1,0
BRDA:681,34,0,0
BRDA:681,34,1,0
BRDA:681,35,0,0
BRDA:681,35,1,0
BRDA:682,36,0,0
BRDA:682,36,1,0
BRDA:684,37,0,0
BRDA:684,37,1,0
BRDA:684,38,0,0
BRDA:684,38,1,0
BRDA:685,39,0,0
BRDA:685,39,1,0
BRDA:696,40,0,0
BRDA:696,40,1,0
BRDA:698,41,0,0
BRDA:698,41,1,0
BRDA:714,42,0,0
BRDA:714,42,1,0
BRDA:714,43,0,0
BRDA:714,43,1,0
BRDA:718,44,0,0
BRDA:718,44,1,0
BRDA:724,45,0,0
BRDA:724,45,1,0
BRDA:736,46,0,0
BRDA:736,46,1,0
BRDA:736,47,0,0
BRDA:736,47,1,0
BRDA:746,48,0,0
BRDA:746,48,1,0
BRDA:749,49,0,0
BRDA:749,49,1,0
BRDA:759,50,0,0
BRDA:759,50,1,0
BRDA:762,51,0,0
BRDA:762,51,1,0
BRDA:787,52,0,0
BRDA:787,52,1,0
BRDA:787,53,0,0
BRDA:787,53,1,0
BRDA:799,54,0,0
BRDA:799,54,1,0
BRDA:799,55,0,0
BRDA:799,55,1,0
BRDA:837,56,0,0
BRDA:837,56,1,0
BRDA:838,57,0,0
BRDA:838,57,1,0
BRDA:846,58,0,0
BRDA:846,58,1,0
BRDA:848,59,0,0
BRDA:848,59,1,0
BRDA:877,60,0,0
BRDA:877,60,1,0
BRDA:877,61,0,0
BRDA:877,61,1,0
BRDA:880,62,0,0
BRDA:880,62,1,0
BRDA:880,63,0,0
BRDA:880,63,1,0
BRDA:890,64,0,0
BRDA:890,64,1,0
BRDA:901,65,0,0
BRDA:901,65,1,0
BRDA:904,66,0,0
BRDA:904,66,1,0
BRDA:914,67,0,0
BRDA:914,67,1,0
BRDA:924,68,0,0
BRDA:924,68,1,0
BRDA:924,68,2,0
BRDA:924,68,3,0
BRDA:924,68,4,0
BRDA:924,68,5,0
BRDA:931,69,0,0
BRDA:931,69,1,0
BRDA:941,70,0,0
BRDA:941,70,1,0
BRDA:949,71,0,0
BRDA:949,71,1,0
BRDA:1000,72,0,0
BRDA:1000,72,1,0
BRDA:1010,73,0,0
BRDA:1010,73,1,0
BRDA:1011,74,0,0
BRDA:1011,74,1,0
BRDA:1014,75,0,0
BRDA:1014,75,1,0
BRDA:1015,76,0,0
BRDA:1015,76,1,0
BRDA:1025,77,0,0
BRDA:1025,77,1,0
BRDA:1030,78,0,0
BRDA:1030,78,1,0
BRDA:1037,79,0,0
BRDA:1037,79,1,0
BRDA:1037,80,0,0
BRDA:1037,80,1,0
BRDA:1045,81,0,0
BRDA:1045,81,1,0
BRDA:1046,82,0,0
BRDA:1046,82,1,0
BRDA:1049,83,0,0
BRDA:1049,83,1,0
BRDA:1049,84,0,0
BRDA:1049,84,1,0
BRDA:1056,85,0,0
BRDA:1056,85,1,0
BRDA:1056,86,0,0
BRDA:1056,86,1,0
BRF:183
BRH:0
end_of_record
TN:
SF:src/utils/componentExtractor.js
FN:5,(anonymous_0)
FN:54,(anonymous_1)
FN:74,(anonymous_2)
FN:75,(anonymous_3)
FN:78,(anonymous_4)
FN:92,(anonymous_5)
FN:96,(anonymous_6)
FN:110,(anonymous_7)
FN:120,(anonymous_8)
FN:129,(anonymous_9)
FN:144,(anonymous_10)
FN:151,(anonymous_11)
FN:183,(anonymous_12)
FN:209,(anonymous_13)
FN:212,(anonymous_14)
FN:222,(anonymous_15)
FN:226,(anonymous_16)
FN:238,(anonymous_17)
FN:250,(anonymous_18)
FN:263,(anonymous_19)
FN:269,(anonymous_20)
FN:281,(anonymous_21)
FN:303,(anonymous_22)
FN:325,(anonymous_23)
FN:332,(anonymous_24)
FN:339,(anonymous_25)
FN:359,(anonymous_26)
FN:373,(anonymous_27)
FN:376,(anonymous_28)
FN:384,(anonymous_29)
FN:389,(anonymous_30)
FN:392,(anonymous_31)
FNF:32
FNH:31
FNDA:80,(anonymous_0)
FNDA:7,(anonymous_1)
FNDA:58,(anonymous_2)
FNDA:227,(anonymous_3)
FNDA:8,(anonymous_4)
FNDA:9,(anonymous_5)
FNDA:4,(anonymous_6)
FNDA:11,(anonymous_7)
FNDA:13,(anonymous_8)
FNDA:8,(anonymous_9)
FNDA:14,(anonymous_10)
FNDA:12,(anonymous_11)
FNDA:15,(anonymous_12)
FNDA:19,(anonymous_13)
FNDA:1,(anonymous_14)
FNDA:0,(anonymous_15)
FNDA:42,(anonymous_16)
FNDA:17,(anonymous_17)
FNDA:1,(anonymous_18)
FNDA:17,(anonymous_19)
FNDA:17,(anonymous_20)
FNDA:21,(anonymous_21)
FNDA:18,(anonymous_22)
FNDA:17,(anonymous_23)
FNDA:21,(anonymous_24)
FNDA:4,(anonymous_25)
FNDA:18,(anonymous_26)
FNDA:2,(anonymous_27)
FNDA:3,(anonymous_28)
FNDA:5,(anonymous_29)
FNDA:8,(anonymous_30)
FNDA:3,(anonymous_31)
DA:6,80
DA:7,80
DA:55,7
DA:56,7
DA:58,7
DA:61,7
DA:62,56
DA:66,7
DA:68,7
DA:75,58
DA:76,227
DA:78,227
DA:79,8
DA:80,7
DA:81,7
DA:82,7
DA:94,9
DA:96,9
DA:97,4
DA:98,3
DA:99,3
DA:100,3
DA:101,3
DA:111,11
DA:114,11
DA:115,2
DA:119,9
DA:120,13
DA:123,9
DA:130,8
DA:131,8
DA:134,8
DA:135,2
DA:139,6
DA:140,1
DA:144,14
DA:145,5
DA:152,12
DA:153,12
DA:156,12
DA:157,11
DA:158,9
DA:159,7
DA:160,6
DA:161,6
DA:164,6
DA:165,5
DA:166,4
DA:167,3
DA:170,2
DA:171,2
DA:172,2
DA:174,2
DA:175,2
DA:177,1
DA:184,15
DA:186,15
DA:188,14
DA:199,14
DA:201,1
DA:202,1
DA:211,19
DA:212,19
DA:215,19
DA:217,19
DA:219,19
DA:220,0
DA:222,19
DA:225,19
DA:226,19
DA:227,42
DA:228,42
DA:229,42
DA:232,19
DA:239,17
DA:242,17
DA:243,2
DA:249,17
DA:250,17
DA:251,1
DA:252,1
DA:253,1
DA:257,17
DA:265,17
DA:268,17
DA:269,17
DA:270,17
DA:271,1
DA:275,17
DA:282,21
DA:285,21
DA:286,21
DA:287,21
DA:288,21
DA:289,21
DA:292,21
DA:293,21
DA:294,21
DA:295,21
DA:297,21
DA:305,18
DA:306,18
DA:307,8
DA:308,8
DA:312,10
DA:313,3
DA:314,3
DA:318,7
DA:319,7
DA:326,17
DA:333,21
DA:340,4
DA:341,4
DA:344,4
DA:347,4
DA:348,1
DA:351,4
DA:353,4
DA:360,18
DA:361,18
DA:362,18
DA:363,18
DA:365,1
DA:366,1
DA:374,2
DA:375,2
DA:376,3
DA:378,2
DA:385,5
DA:386,5
DA:388,5
DA:390,8
DA:392,3
DA:398,1
DA:399,1
DA:403,1
LF:136
LH:135
BRDA:79,0,0,7
BRDA:79,0,1,1
BRDA:81,1,0,7
BRDA:81,1,1,0
BRDA:97,2,0,3
BRDA:97,2,1,1
BRDA:100,3,0,3
BRDA:100,3,1,0
BRDA:114,4,0,2
BRDA:114,4,1,9
BRDA:134,5,0,2
BRDA:134,5,1,6
BRDA:134,6,0,8
BRDA:134,6,1,2
BRDA:139,7,0,1
BRDA:139,7,1,5
BRDA:156,8,0,1
BRDA:156,8,1,11
BRDA:157,9,0,2
BRDA:157,9,1,9
BRDA:157,10,0,11
BRDA:157,10,1,9
BRDA:158,11,0,2
BRDA:158,11,1,7
BRDA:158,12,0,9
BRDA:158,12,1,7
BRDA:159,13,0,1
BRDA:159,13,1,6
BRDA:160,14,0,0
BRDA:160,14,1,6
BRDA:161,15,0,0
BRDA:161,15,1,6
BRDA:161,16,0,6
BRDA:161,16,1,6
BRDA:164,17,0,1
BRDA:164,17,1,5
BRDA:165,18,0,1
BRDA:165,18,1,4
BRDA:166,19,0,1
BRDA:166,19,1,3
BRDA:167,20,0,1
BRDA:167,20,1,2
BRDA:167,21,0,3
BRDA:167,21,1,2
BRDA:174,22,0,0
BRDA:174,22,1,2
BRDA:174,23,0,2
BRDA:174,23,1,1
BRDA:174,23,2,0
BRDA:175,24,0,1
BRDA:175,24,1,1
BRDA:175,25,0,2
BRDA:175,25,1,1
BRDA:175,25,2,1
BRDA:242,26,0,2
BRDA:242,26,1,15
BRDA:244,27,0,2
BRDA:244,27,1,2
BRDA:251,28,0,1
BRDA:251,28,1,0
BRDA:252,29,0,0
BRDA:252,29,1,1
BRDA:270,30,0,1
BRDA:270,30,1,16
BRDA:285,31,0,4
BRDA:285,31,1,17
BRDA:286,32,0,4
BRDA:286,32,1,17
BRDA:287,33,0,1
BRDA:287,33,1,20
BRDA:288,34,0,5
BRDA:288,34,1,16
BRDA:289,35,0,0
BRDA:289,35,1,21
BRDA:293,36,0,1
BRDA:293,36,1,20
BRDA:294,37,0,0
BRDA:294,37,1,21
BRDA:295,38,0,0
BRDA:295,38,1,21
BRDA:306,39,0,8
BRDA:306,39,1,10
BRDA:306,40,0,18
BRDA:306,40,1,8
BRDA:312,41,0,3
BRDA:312,41,1,7
BRDA:347,42,0,1
BRDA:347,42,1,3
BRDA:363,43,0,15
BRDA:363,43,1,3
BRDA:390,44,0,8
BRDA:390,44,1,6
BRDA:390,44,2,5
BRDA:398,45,0,1
BRDA:398,45,1,0
BRDA:398,46,0,1
BRDA:398,46,1,1
BRF:97
BRH:85
end_of_record
TN:
SF:src/utils/deviceDetector.js
FN:7,(anonymous_0)
FN:39,(anonymous_1)
FN:50,(anonymous_2)
FN:58,(anonymous_3)
FN:68,(anonymous_4)
FN:80,(anonymous_5)
FN:92,(anonymous_6)
FN:104,(anonymous_7)
FN:111,(anonymous_8)
FN:112,(anonymous_9)
FN:113,(anonymous_10)
FN:124,(anonymous_11)
FN:126,(anonymous_12)
FN:128,(anonymous_13)
FN:143,(anonymous_14)
FN:155,(anonymous_15)
FN:167,(anonymous_16)
FN:191,(anonymous_17)
FN:206,(anonymous_18)
FN:220,(anonymous_19)
FN:234,(anonymous_20)
FN:241,(anonymous_21)
FN:253,(anonymous_22)
FN:263,(anonymous_23)
FNF:24
FNH:0
FNDA:0,(anonymous_0)
FNDA:0,(anonymous_1)
FNDA:0,(anonymous_2)
FNDA:0,(anonymous_3)
FNDA:0,(anonymous_4)
FNDA:0,(anonymous_5)
FNDA:0,(anonymous_6)
FNDA:0,(anonymous_7)
FNDA:0,(anonymous_8)
FNDA:0,(anonymous_9)
FNDA:0,(anonymous_10)
FNDA:0,(anonymous_11)
FNDA:0,(anonymous_12)
FNDA:0,(anonymous_13)
FNDA:0,(anonymous_14)
FNDA:0,(anonymous_15)
FNDA:0,(anonymous_16)
FNDA:0,(anonymous_17)
FNDA:0,(anonymous_18)
FNDA:0,(anonymous_19)
FNDA:0,(anonymous_20)
FNDA:0,(anonymous_21)
FNDA:0,(anonymous_22)
FNDA:0,(anonymous_23)
DA:8,0
DA:9,0
DA:10,0
DA:11,0
DA:12,0
DA:13,0
DA:14,0
DA:15,0
DA:16,0
DA:19,0
DA:22,0
DA:24,0
DA:40,0
DA:51,0
DA:52,0
DA:59,0
DA:60,0
DA:61,0
DA:62,0
DA:69,0
DA:70,0
DA:71,0
DA:72,0
DA:73,0
DA:74,0
DA:81,0
DA:82,0
DA:83,0
DA:84,0
DA:85,0
DA:86,0
DA:93,0
DA:94,0
DA:95,0
DA:96,0
DA:97,0
DA:98,0
DA:105,0
DA:112,0
DA:113,0
DA:114,0
DA:115,0
DA:116,0
DA:126,0
DA:127,0
DA:128,0
DA:129,0
DA:130,0
DA:131,0
DA:133,0
DA:134,0
DA:144,0
DA:156,0
DA:168,0
DA:185,0
DA:192,0
DA:193,0
DA:194,0
DA:199,0
DA:207,0
DA:208,0
DA:209,0
DA:210,0
DA:211,0
DA:213,0
DA:221,0
DA:222,0
DA:223,0
DA:224,0
DA:225,0
DA:227,0
DA:235,0
DA:242,0
DA:254,0
DA:264,0
DA:265,0
DA:267,0
DA:277,0
DA:278,0
LF:79
LH:0
BRDA:8,0,0,0
BRDA:8,0,1,0
BRDA:8,0,2,0
BRDA:12,1,0,0
BRDA:12,1,1,0
BRDA:41,2,0,0
BRDA:41,2,1,0
BRDA:41,2,2,0
BRDA:52,3,0,0
BRDA:52,3,1,0
BRDA:61,4,0,0
BRDA:61,4,1,0
BRDA:62,5,0,0
BRDA:62,5,1,0
BRDA:69,6,0,0
BRDA:69,6,1,0
BRDA:70,7,0,0
BRDA:70,7,1,0
BRDA:71,8,0,0
BRDA:71,8,1,0
BRDA:72,9,0,0
BRDA:72,9,1,0
BRDA:73,10,0,0
BRDA:73,10,1,0
BRDA:81,11,0,0
BRDA:81,11,1,0
BRDA:81,12,0,0
BRDA:81,12,1,0
BRDA:82,13,0,0
BRDA:82,13,1,0
BRDA:82,14,0,0
BRDA:82,14,1,0
BRDA:83,15,0,0
BRDA:83,15,1,0
BRDA:84,16,0,0
BRDA:84,16,1,0
BRDA:85,17,0,0
BRDA:85,17,1,0
BRDA:94,18,0,0
BRDA:94,18,1,0
BRDA:95,19,0,0
BRDA:95,19,1,0
BRDA:96,20,0,0
BRDA:96,20,1,0
BRDA:97,21,0,0
BRDA:97,21,1,0
BRDA:105,22,0,0
BRDA:105,22,1,0
BRDA:133,23,0,0
BRDA:133,23,1,0
BRDA:185,24,0,0
BRDA:185,24,1,0
BRDA:195,25,0,0
BRDA:195,25,1,0
BRDA:195,25,2,0
BRDA:235,26,0,0
BRDA:235,26,1,0
BRDA:255,27,0,0
BRDA:255,27,1,0
BRDA:264,28,0,0
BRDA:264,28,1,0
BRDA:264,28,2,0
BRDA:265,29,0,0
BRDA:265,29,1,0
BRDA:277,30,0,0
BRDA:277,30,1,0
BRF:66
BRH:0
end_of_record
TN:
SF:src/utils/monacoThemes.js
FN:6,setupMonacoThemes
FN:122,getMonacoTheme
FNF:2
FNH:0
FNDA:0,setupMonacoThemes
FNDA:0,getMonacoTheme
DA:8,0
DA:50,0
DA:92,0
DA:116,0
DA:123,0
DA:130,0
LF:6
LH:0
BRDA:130,0,0,0
BRDA:130,0,1,0
BRF:2
BRH:0
end_of_record
TN:
SF:src/utils/performanceMonitor.js
FN:7,(anonymous_0)
FN:15,(anonymous_1)
FN:22,(anonymous_2)
FN:61,(anonymous_3)
FN:68,(anonymous_4)
FN:70,(anonymous_5)
FN:79,(anonymous_6)
FN:87,(anonymous_7)
FN:89,(anonymous_8)
FN:103,(anonymous_9)
FN:114,(anonymous_10)
FNF:11
FNH:0
FNDA:0,(anonymous_0)
FNDA:0,(anonymous_1)
FNDA:0,(anonymous_2)
FNDA:0,(anonymous_3)
FNDA:0,(anonymous_4)
FNDA:0,(anonymous_5)
FNDA:0,(anonymous_6)
FNDA:0,(anonymous_7)
FNDA:0,(anonymous_8)
FNDA:0,(anonymous_9)
FNDA:0,(anonymous_10)
DA:8,0
DA:9,0
DA:16,0
DA:23,0
DA:24,0
DA:25,0
DA:26,0
DA:29,0
DA:31,0
DA:32,0
DA:41,0
DA:42,0
DA:43,0
DA:44,0
DA:45,0
DA:46,0
DA:48,0
DA:51,0
DA:52,0
DA:55,0
DA:62,0
DA:69,0
DA:70,0
DA:71,0
DA:73,0
DA:80,0
DA:81,0
DA:88,0
DA:89,0
DA:90,0
DA:91,0
DA:92,0
DA:93,0
DA:94,0
DA:95,0
DA:97,0
DA:104,0
DA:111,0
DA:112,0
DA:114,0
DA:115,0
DA:116,0
DA:117,0
DA:118,0
DA:123,0
DA:127,0
LF:46
LH:0
BRDA:24,0,0,0
BRDA:24,0,1,0
BRDA:31,1,0,0
BRDA:31,1,1,0
BRDA:51,2,0,0
BRDA:51,2,1,0
BRDA:116,3,0,0
BRDA:116,3,1,0
BRDA:123,4,0,0
BRDA:123,4,1,0
BRF:10
BRH:0
end_of_record
TN:
SF:src/utils/performanceOptimizer.js
FN:7,(anonymous_0)
FN:19,(anonymous_1)
FN:35,(anonymous_2)
FN:39,(anonymous_3)
FN:48,(anonymous_4)
FN:59,(anonymous_5)
FN:62,(anonymous_6)
FN:64,(anonymous_7)
FN:73,(anonymous_8)
FN:79,(anonymous_9)
FN:91,(anonymous_10)
FN:101,(anonymous_11)
FN:107,(anonymous_12)
FN:108,(anonymous_13)
FN:146,(anonymous_14)
FN:156,(anonymous_15)
FN:157,(anonymous_16)
FN:173,(anonymous_17)
FN:180,(anonymous_18)
FN:188,(anonymous_19)
FN:212,(anonymous_20)
FN:232,(anonymous_21)
FN:246,(anonymous_22)
FN:260,(anonymous_23)
FN:263,(anonymous_24)
FN:279,(anonymous_25)
FN:290,(anonymous_26)
FN:300,(anonymous_27)
FN:315,(anonymous_28)
FN:332,(anonymous_29)
FN:333,(anonymous_30)
FN:341,(anonymous_31)
FN:348,(anonymous_32)
FN:350,(anonymous_33)
FN:357,(anonymous_34)
FN:367,(anonymous_35)
FN:374,(anonymous_36)
FN:381,(anonymous_37)
FN:399,(anonymous_38)
FN:408,(anonymous_39)
FN:412,(anonymous_40)
FN:421,(anonymous_41)
FN:423,(anonymous_42)
FN:429,(anonymous_43)
FNF:44
FNH:0
FNDA:0,(anonymous_0)
FNDA:0,(anonymous_1)
FNDA:0,(anonymous_2)
FNDA:0,(anonymous_3)
FNDA:0,(anonymous_4)
FNDA:0,(anonymous_5)
FNDA:0,(anonymous_6)
FNDA:0,(anonymous_7)
FNDA:0,(anonymous_8)
FNDA:0,(anonymous_9)
FNDA:0,(anonymous_10)
FNDA:0,(anonymous_11)
FNDA:0,(anonymous_12)
FNDA:0,(anonymous_13)
FNDA:0,(anonymous_14)
FNDA:0,(anonymous_15)
FNDA:0,(anonymous_16)
FNDA:0,(anonymous_17)
FNDA:0,(anonymous_18)
FNDA:0,(anonymous_19)
FNDA:0,(anonymous_20)
FNDA:0,(anonymous_21)
FNDA:0,(anonymous_22)
FNDA:0,(anonymous_23)
FNDA:0,(anonymous_24)
FNDA:0,(anonymous_25)
FNDA:0,(anonymous_26)
FNDA:0,(anonymous_27)
FNDA:0,(anonymous_28)
FNDA:0,(anonymous_29)
FNDA:0,(anonymous_30)
FNDA:0,(anonymous_31)
FNDA:0,(anonymous_32)
FNDA:0,(anonymous_33)
FNDA:0,(anonymous_34)
FNDA:0,(anonymous_35)
FNDA:0,(anonymous_36)
FNDA:0,(anonymous_37)
FNDA:0,(anonymous_38)
FNDA:0,(anonymous_39)
FNDA:0,(anonymous_40)
FNDA:0,(anonymous_41)
FNDA:0,(anonymous_42)
FNDA:0,(anonymous_43)
DA:8,0
DA:9,0
DA:10,0
DA:16,0
DA:21,0
DA:24,0
DA:27,0
DA:29,0
DA:36,0
DA:37,0
DA:39,0
DA:40,0
DA:41,0
DA:43,0
DA:44,0
DA:45,0
DA:47,0
DA:48,0
DA:49,0
DA:50,0
DA:60,0
DA:62,0
DA:63,0
DA:64,0
DA:65,0
DA:75,0
DA:76,0
DA:79,0
DA:80,0
DA:81,0
DA:84,0
DA:85,0
DA:92,0
DA:93,0
DA:94,0
DA:102,0
DA:103,0
DA:104,0
DA:107,0
DA:108,0
DA:109,0
DA:110,0
DA:113,0
DA:114,0
DA:115,0
DA:119,0
DA:120,0
DA:121,0
DA:125,0
DA:126,0
DA:127,0
DA:128,0
DA:132,0
DA:140,0
DA:147,0
DA:148,0
DA:149,0
DA:157,0
DA:158,0
DA:159,0
DA:160,0
DA:161,0
DA:162,0
DA:164,0
DA:167,0
DA:174,0
DA:181,0
DA:182,0
DA:183,0
DA:187,0
DA:188,0
DA:189,0
DA:190,0
DA:196,0
DA:205,0
DA:211,0
DA:212,0
DA:213,0
DA:214,0
DA:216,0
DA:223,0
DA:233,0
DA:234,0
DA:235,0
DA:236,0
DA:238,0
DA:240,0
DA:247,0
DA:248,0
DA:249,0
DA:250,0
DA:252,0
DA:254,0
DA:261,0
DA:263,0
DA:265,0
DA:266,0
DA:270,0
DA:271,0
DA:280,0
DA:281,0
DA:282,0
DA:283,0
DA:284,0
DA:291,0
DA:292,0
DA:293,0
DA:294,0
DA:301,0
DA:302,0
DA:309,0
DA:316,0
DA:318,0
DA:333,0
DA:334,0
DA:341,0
DA:342,0
DA:343,0
DA:344,0
DA:348,0
DA:349,0
DA:350,0
DA:351,0
DA:356,0
DA:357,0
DA:358,0
DA:359,0
DA:360,0
DA:361,0
DA:367,0
DA:375,0
DA:376,0
DA:377,0
DA:379,0
DA:381,0
DA:382,0
DA:383,0
DA:385,0
DA:386,0
DA:387,0
DA:389,0
DA:390,0
DA:391,0
DA:392,0
DA:393,0
DA:394,0
DA:395,0
DA:399,0
DA:400,0
DA:401,0
DA:404,0
DA:405,0
DA:407,0
DA:409,0
DA:410,0
DA:413,0
DA:423,0
DA:424,0
DA:426,0
DA:429,0
DA:430,0
DA:432,0
DA:437,0
DA:438,0
LF:164
LH:0
BRDA:35,0,0,0
BRDA:43,1,0,0
BRDA:43,1,1,0
BRDA:59,2,0,0
BRDA:73,3,0,0
BRDA:75,4,0,0
BRDA:75,4,1,0
BRDA:92,5,0,0
BRDA:92,5,1,0
BRDA:102,6,0,0
BRDA:102,6,1,0
BRDA:109,7,0,0
BRDA:109,7,1,0
BRDA:113,8,0,0
BRDA:113,8,1,0
BRDA:119,9,0,0
BRDA:119,9,1,0
BRDA:125,10,0,0
BRDA:125,10,1,0
BRDA:127,11,0,0
BRDA:127,11,1,0
BRDA:148,12,0,0
BRDA:148,12,1,0
BRDA:181,13,0,0
BRDA:181,13,1,0
BRDA:214,14,0,0
BRDA:214,14,1,0
BRDA:265,15,0,0
BRDA:265,15,1,0
BRDA:270,16,0,0
BRDA:270,16,1,0
BRDA:279,17,0,0
BRDA:301,18,0,0
BRDA:301,18,1,0
BRDA:344,19,0,0
BRDA:344,19,1,0
BRDA:359,20,0,0
BRDA:359,20,1,0
BRDA:437,21,0,0
BRDA:437,21,1,0
BRF:40
BRH:0
end_of_record
