TN:
SF:src/core/themeManager.js
FN:6,(anonymous_0)
FN:15,(anonymous_1)
FN:25,(anonymous_2)
FN:41,(anonymous_3)
FN:51,(anonymous_4)
FN:55,(anonymous_5)
FN:68,(anonymous_6)
FN:82,(anonymous_7)
FN:90,(anonymous_8)
FN:98,(anonymous_9)
FN:110,(anonymous_10)
FN:118,(anonymous_11)
FN:119,(anonymous_12)
FN:132,(anonymous_13)
FN:140,(anonymous_14)
FNF:15
FNH:14
FNDA:44,(anonymous_0)
FNDA:44,(anonymous_1)
FNDA:44,(anonymous_2)
FNDA:44,(anonymous_3)
FNDA:44,(anonymous_4)
FNDA:0,(anonymous_5)
FNDA:83,(anonymous_6)
FNDA:134,(anonymous_7)
FNDA:88,(anonymous_8)
FNDA:141,(anonymous_9)
FNDA:44,(anonymous_10)
FNDA:44,(anonymous_11)
FNDA:154,(anonymous_12)
FNDA:2,(anonymous_13)
FNDA:7,(anonymous_14)
DA:7,44
DA:8,44
DA:9,44
DA:16,44
DA:17,44
DA:18,44
DA:19,44
DA:26,44
DA:28,44
DA:29,3
DA:31,41
DA:34,44
DA:42,44
DA:43,2
DA:45,42
DA:52,44
DA:53,43
DA:55,43
DA:57,0
DA:58,0
DA:59,0
DA:69,83
DA:70,83
DA:71,83
DA:73,83
DA:74,83
DA:83,134
DA:84,134
DA:91,88
DA:99,141
DA:100,141
DA:101,140
DA:102,140
DA:103,140
DA:119,44
DA:121,154
DA:122,75
DA:123,75
DA:133,2
DA:141,7
DA:142,4
DA:143,4
DA:144,4
DA:150,1
DA:151,1
DA:155,1
LF:46
LH:43
BRDA:28,0,0,3
BRDA:28,0,1,41
BRDA:42,1,0,2
BRDA:42,1,1,42
BRDA:42,2,0,44
BRDA:42,2,1,42
BRDA:52,3,0,43
BRDA:52,3,1,1
BRDA:57,4,0,0
BRDA:57,4,1,0
BRDA:58,5,0,0
BRDA:58,5,1,0
BRDA:69,6,0,43
BRDA:69,6,1,40
BRDA:73,7,0,83
BRDA:73,7,1,0
BRDA:74,8,0,43
BRDA:74,8,1,40
BRDA:100,9,0,140
BRDA:100,9,1,1
BRDA:101,10,0,54
BRDA:101,10,1,86
BRDA:102,11,0,54
BRDA:102,11,1,86
BRDA:121,12,0,75
BRDA:121,12,1,79
BRDA:121,13,0,154
BRDA:121,13,1,78
BRDA:121,13,2,114
BRDA:121,13,3,75
BRDA:141,14,0,4
BRDA:141,14,1,3
BRDA:141,15,0,7
BRDA:141,15,1,6
BRDA:150,16,0,1
BRDA:150,16,1,0
BRDA:150,17,0,1
BRDA:150,17,1,1
BRF:38
BRH:32
end_of_record
